{"/home/travis/build/npmtest/node-npmtest-adventure/test.js":{"path":"/home/travis/build/npmtest/node-npmtest-adventure/test.js","s":{"1":2,"2":2,"3":2,"4":2,"5":2,"6":2,"7":2,"8":1,"9":2,"10":2,"11":1,"12":1,"13":1,"14":1,"15":2,"16":2,"17":2,"18":2,"19":1,"20":1,"21":2,"22":2,"23":2,"24":1,"25":1,"26":1,"27":1,"28":1,"29":1,"30":1,"31":1,"32":1,"33":1,"34":1,"35":1,"36":1,"37":2,"38":2,"39":1,"40":2,"41":2,"42":1,"43":2,"44":2,"45":1,"46":2,"47":2,"48":1,"49":1,"50":1,"51":1,"52":1},"b":{"1":[2,1,1,1],"2":[1,1,1,1],"3":[1,1],"4":[1,1],"5":[1,1],"6":[1,1],"7":[1,1],"8":[1,1],"9":[1,1,1],"10":[1,1],"11":[1,1],"12":[1,1],"13":[1,1],"14":[1,1],"15":[1,1],"16":[1,1]},"f":{"1":2,"2":2,"3":2,"4":2,"5":2,"6":1,"7":1,"8":2,"9":2,"10":2,"11":2,"12":1},"fnMap":{"1":{"name":"(anonymous_1)","line":12,"loc":{"start":{"line":12,"column":1},"end":{"line":12,"column":13}}},"2":{"name":"(anonymous_2)","line":19,"loc":{"start":{"line":19,"column":5},"end":{"line":19,"column":17}}},"3":{"name":"(anonymous_3)","line":23,"loc":{"start":{"line":23,"column":24},"end":{"line":23,"column":36}}},"4":{"name":"(anonymous_4)","line":61,"loc":{"start":{"line":61,"column":5},"end":{"line":61,"column":17}}},"5":{"name":"(anonymous_5)","line":82,"loc":{"start":{"line":82,"column":5},"end":{"line":82,"column":17}}},"6":{"name":"(anonymous_6)","line":102,"loc":{"start":{"line":102,"column":83},"end":{"line":105,"column":10}},"skip":true},"7":{"name":"(anonymous_7)","line":113,"loc":{"start":{"line":113,"column":77},"end":{"line":116,"column":10}},"skip":true},"8":{"name":"(anonymous_8)","line":129,"loc":{"start":{"line":129,"column":12},"end":{"line":129,"column":40}},"skip":true},"9":{"name":"(anonymous_9)","line":137,"loc":{"start":{"line":137,"column":77},"end":{"line":140,"column":10}},"skip":true},"10":{"name":"(anonymous_10)","line":148,"loc":{"start":{"line":148,"column":83},"end":{"line":151,"column":10}},"skip":true},"11":{"name":"(anonymous_11)","line":159,"loc":{"start":{"line":159,"column":79},"end":{"line":162,"column":10}},"skip":true},"12":{"name":"(anonymous_12)","line":170,"loc":{"start":{"line":170,"column":75},"end":{"line":173,"column":10}},"skip":true}},"statementMap":{"1":{"start":{"line":12,"column":0},"end":{"line":185,"column":5}},"2":{"start":{"line":14,"column":4},"end":{"line":14,"column":14}},"3":{"start":{"line":19,"column":4},"end":{"line":56,"column":9}},"4":{"start":{"line":21,"column":8},"end":{"line":21,"column":19}},"5":{"start":{"line":23,"column":8},"end":{"line":35,"column":13}},"6":{"start":{"line":24,"column":12},"end":{"line":34,"column":13}},"7":{"start":{"line":25,"column":16},"end":{"line":28,"column":30}},"8":{"start":{"line":30,"column":16},"end":{"line":33,"column":27}},"9":{"start":{"line":37,"column":8},"end":{"line":39,"column":21}},"10":{"start":{"line":40,"column":8},"end":{"line":53,"column":9}},"11":{"start":{"line":43,"column":12},"end":{"line":46,"column":14}},"12":{"start":{"line":47,"column":12},"end":{"line":47,"column":18}},"13":{"start":{"line":50,"column":12},"end":{"line":51,"column":46}},"14":{"start":{"line":52,"column":12},"end":{"line":52,"column":18}},"15":{"start":{"line":55,"column":8},"end":{"line":55,"column":35}},"16":{"start":{"line":61,"column":4},"end":{"line":63,"column":9}},"17":{"start":{"line":62,"column":8},"end":{"line":62,"column":15}},"18":{"start":{"line":64,"column":4},"end":{"line":77,"column":5}},"19":{"start":{"line":70,"column":8},"end":{"line":70,"column":14}},"20":{"start":{"line":76,"column":8},"end":{"line":76,"column":14}},"21":{"start":{"line":82,"column":4},"end":{"line":84,"column":9}},"22":{"start":{"line":83,"column":8},"end":{"line":83,"column":15}},"23":{"start":{"line":85,"column":4},"end":{"line":184,"column":5}},"24":{"start":{"line":92,"column":8},"end":{"line":94,"column":63}},"25":{"start":{"line":95,"column":8},"end":{"line":95,"column":14}},"26":{"start":{"line":102,"column":8},"end":{"line":111,"column":10},"skip":true},"27":{"start":{"line":109,"column":12},"end":{"line":109,"column":55},"skip":true},"28":{"start":{"line":110,"column":12},"end":{"line":110,"column":48},"skip":true},"29":{"start":{"line":113,"column":8},"end":{"line":126,"column":10},"skip":true},"30":{"start":{"line":120,"column":12},"end":{"line":120,"column":76},"skip":true},"31":{"start":{"line":121,"column":12},"end":{"line":121,"column":73},"skip":true},"32":{"start":{"line":122,"column":12},"end":{"line":122,"column":74},"skip":true},"33":{"start":{"line":123,"column":12},"end":{"line":123,"column":79},"skip":true},"34":{"start":{"line":124,"column":12},"end":{"line":124,"column":25},"skip":true},"35":{"start":{"line":125,"column":12},"end":{"line":125,"column":45},"skip":true},"36":{"start":{"line":128,"column":8},"end":{"line":135,"column":14},"skip":true},"37":{"start":{"line":133,"column":16},"end":{"line":133,"column":29},"skip":true},"38":{"start":{"line":134,"column":16},"end":{"line":134,"column":55},"skip":true},"39":{"start":{"line":137,"column":8},"end":{"line":146,"column":10},"skip":true},"40":{"start":{"line":144,"column":12},"end":{"line":144,"column":25},"skip":true},"41":{"start":{"line":145,"column":12},"end":{"line":145,"column":45},"skip":true},"42":{"start":{"line":148,"column":8},"end":{"line":157,"column":10},"skip":true},"43":{"start":{"line":155,"column":12},"end":{"line":155,"column":25},"skip":true},"44":{"start":{"line":156,"column":12},"end":{"line":156,"column":48},"skip":true},"45":{"start":{"line":159,"column":8},"end":{"line":168,"column":10},"skip":true},"46":{"start":{"line":166,"column":12},"end":{"line":166,"column":25},"skip":true},"47":{"start":{"line":167,"column":12},"end":{"line":167,"column":46},"skip":true},"48":{"start":{"line":170,"column":8},"end":{"line":179,"column":10},"skip":true},"49":{"start":{"line":177,"column":12},"end":{"line":177,"column":94},"skip":true},"50":{"start":{"line":178,"column":12},"end":{"line":178,"column":48},"skip":true},"51":{"start":{"line":182,"column":8},"end":{"line":182,"column":35},"skip":true},"52":{"start":{"line":183,"column":8},"end":{"line":183,"column":14},"skip":true}},"branchMap":{"1":{"line":25,"type":"binary-expr","locations":[{"start":{"line":25,"column":23},"end":{"line":25,"column":62}},{"start":{"line":26,"column":20},"end":{"line":26,"column":70}},{"start":{"line":27,"column":20},"end":{"line":27,"column":71}},{"start":{"line":28,"column":20},"end":{"line":28,"column":29}}]},"2":{"line":30,"type":"binary-expr","locations":[{"start":{"line":30,"column":23},"end":{"line":30,"column":37}},{"start":{"line":31,"column":20},"end":{"line":31,"column":61}},{"start":{"line":32,"column":20},"end":{"line":32,"column":70}},{"start":{"line":33,"column":20},"end":{"line":33,"column":26}}]},"3":{"line":37,"type":"cond-expr","locations":[{"start":{"line":38,"column":14},"end":{"line":38,"column":20}},{"start":{"line":39,"column":14},"end":{"line":39,"column":20}}]},"4":{"line":40,"type":"switch","locations":[{"start":{"line":42,"column":8},"end":{"line":47,"column":18}},{"start":{"line":49,"column":8},"end":{"line":52,"column":18}}]},"5":{"line":44,"type":"binary-expr","locations":[{"start":{"line":44,"column":16},"end":{"line":44,"column":44}},{"start":{"line":44,"column":48},"end":{"line":44,"column":66}}]},"6":{"line":50,"type":"binary-expr","locations":[{"start":{"line":50,"column":21},"end":{"line":50,"column":49}},{"start":{"line":50,"column":53},"end":{"line":50,"column":72}}]},"7":{"line":64,"type":"switch","locations":[{"start":{"line":69,"column":4},"end":{"line":70,"column":14}},{"start":{"line":75,"column":4},"end":{"line":76,"column":14}}]},"8":{"line":85,"type":"switch","locations":[{"start":{"line":90,"column":4},"end":{"line":95,"column":14}},{"start":{"line":101,"column":4},"end":{"line":183,"column":14},"skip":true}]},"9":{"line":92,"type":"binary-expr","locations":[{"start":{"line":92,"column":18},"end":{"line":92,"column":32}},{"start":{"line":93,"column":12},"end":{"line":93,"column":53}},{"start":{"line":94,"column":12},"end":{"line":94,"column":61}}]},"10":{"line":102,"type":"binary-expr","locations":[{"start":{"line":102,"column":45},"end":{"line":102,"column":79},"skip":true},{"start":{"line":102,"column":83},"end":{"line":111,"column":9},"skip":true}]},"11":{"line":113,"type":"binary-expr","locations":[{"start":{"line":113,"column":42},"end":{"line":113,"column":73},"skip":true},{"start":{"line":113,"column":77},"end":{"line":126,"column":9},"skip":true}]},"12":{"line":128,"type":"binary-expr","locations":[{"start":{"line":128,"column":48},"end":{"line":128,"column":85},"skip":true},{"start":{"line":129,"column":12},"end":{"line":135,"column":13},"skip":true}]},"13":{"line":137,"type":"binary-expr","locations":[{"start":{"line":137,"column":42},"end":{"line":137,"column":73},"skip":true},{"start":{"line":137,"column":77},"end":{"line":146,"column":9},"skip":true}]},"14":{"line":148,"type":"binary-expr","locations":[{"start":{"line":148,"column":45},"end":{"line":148,"column":79},"skip":true},{"start":{"line":148,"column":83},"end":{"line":157,"column":9},"skip":true}]},"15":{"line":159,"type":"binary-expr","locations":[{"start":{"line":159,"column":43},"end":{"line":159,"column":75},"skip":true},{"start":{"line":159,"column":79},"end":{"line":168,"column":9},"skip":true}]},"16":{"line":170,"type":"binary-expr","locations":[{"start":{"line":170,"column":41},"end":{"line":170,"column":71},"skip":true},{"start":{"line":170,"column":75},"end":{"line":179,"column":9},"skip":true}]}},"code":["/* istanbul instrument in package npmtest_adventure */","/*jslint","    bitwise: true,","    browser: true,","    maxerr: 8,","    maxlen: 96,","    node: true,","    nomen: true,","    regexp: true,","    stupid: true","*/","(function () {","    'use strict';","    var local;","","","","    // run shared js-env code - pre-init","    (function () {","        // init local","        local = {};","        // init modeJs","        local.modeJs = (function () {","            try {","                return typeof navigator.userAgent === 'string' &&","                    typeof document.querySelector('body') === 'object' &&","                    typeof XMLHttpRequest.prototype.open === 'function' &&","                    'browser';","            } catch (errorCaughtBrowser) {","                return module.exports &&","                    typeof process.versions.node === 'string' &&","                    typeof require('http').createServer === 'function' &&","                    'node';","            }","        }());","        // init global","        local.global = local.modeJs === 'browser'","            ? window","            : global;","        switch (local.modeJs) {","        // re-init local from window.local","        case 'browser':","            local = local.global.utility2.objectSetDefault(","                local.global.utility2_rollup || local.global.local,","                local.global.utility2","            );","            break;","        // re-init local from example.js","        case 'node':","            local = (local.global.utility2_rollup || require('utility2'))","                .requireExampleJsFromReadme();","            break;","        }","        // export local","        local.global.local = local;","    }());","","","","    // run shared js-env code - function","    (function () {","        return;","    }());","    switch (local.modeJs) {","","","","    // run browser js-env code - function","    case 'browser':","        break;","","","","    // run node js-env code - function","    case 'node':","        break;","    }","","","","    // run shared js-env code - post-init","    (function () {","        return;","    }());","    switch (local.modeJs) {","","","","    // run browser js-env code - post-init","    case 'browser':","        // run tests","        local.nop(local.modeTest &&","            document.querySelector('#testRunButton1') &&","            document.querySelector('#testRunButton1').click());","        break;","","","","    // run node js-env code - post-init","    /* istanbul ignore next */","    case 'node':","        local.testCase_buildApidoc_default = local.testCase_buildApidoc_default || function (","            options,","            onError","        ) {","        /*","         * this function will test buildApidoc's default handling-behavior-behavior","         */","            options = { modulePathList: module.paths };","            local.buildApidoc(options, onError);","        };","","        local.testCase_buildApp_default = local.testCase_buildApp_default || function (","            options,","            onError","        ) {","        /*","         * this function will test buildApp's default handling-behavior-behavior","         */","            local.testCase_buildReadme_default(options, local.onErrorThrow);","            local.testCase_buildLib_default(options, local.onErrorThrow);","            local.testCase_buildTest_default(options, local.onErrorThrow);","            local.testCase_buildCustomOrg_default(options, local.onErrorThrow);","            options = [];","            local.buildApp(options, onError);","        };","","        local.testCase_buildCustomOrg_default = local.testCase_buildCustomOrg_default ||","            function (options, onError) {","            /*","             * this function will test buildCustomOrg's default handling-behavior","             */","                options = {};","                local.buildCustomOrg(options, onError);","            };","","        local.testCase_buildLib_default = local.testCase_buildLib_default || function (","            options,","            onError","        ) {","        /*","         * this function will test buildLib's default handling-behavior","         */","            options = {};","            local.buildLib(options, onError);","        };","","        local.testCase_buildReadme_default = local.testCase_buildReadme_default || function (","            options,","            onError","        ) {","        /*","         * this function will test buildReadme's default handling-behavior-behavior","         */","            options = {};","            local.buildReadme(options, onError);","        };","","        local.testCase_buildTest_default = local.testCase_buildTest_default || function (","            options,","            onError","        ) {","        /*","         * this function will test buildTest's default handling-behavior","         */","            options = {};","            local.buildTest(options, onError);","        };","","        local.testCase_webpage_default = local.testCase_webpage_default || function (","            options,","            onError","        ) {","        /*","         * this function will test webpage's default handling-behavior","         */","            options = { modeCoverageMerge: true, url: local.serverLocalHost + '?modeTest=1' };","            local.browserTest(options, onError);","        };","","        // run test-server","        local.testRunServer(local);","        break;","    }","}());",""],"l":{"12":2,"14":2,"19":2,"21":2,"23":2,"24":2,"25":2,"30":1,"37":2,"40":2,"43":1,"47":1,"50":1,"52":1,"55":2,"61":2,"62":2,"64":2,"70":1,"76":1,"82":2,"83":2,"85":2,"92":1,"95":1,"102":1,"109":1,"110":1,"113":1,"120":1,"121":1,"122":1,"123":1,"124":1,"125":1,"128":1,"133":2,"134":2,"137":1,"144":2,"145":2,"148":1,"155":2,"156":2,"159":1,"166":2,"167":2,"170":1,"177":1,"178":1,"182":1,"183":1}},"/home/travis/build/npmtest/node-npmtest-adventure/lib.npmtest_adventure.js":{"path":"/home/travis/build/npmtest/node-npmtest-adventure/lib.npmtest_adventure.js","s":{"1":2,"2":2,"3":2,"4":2,"5":2,"6":2,"7":2,"8":1,"9":2,"10":2,"11":2,"12":2,"13":1,"14":1,"15":1,"16":1},"b":{"1":[2,1,1,1],"2":[1,1,1,1],"3":[1,1],"4":[2,2],"5":[1,1]},"f":{"1":2,"2":2,"3":2},"fnMap":{"1":{"name":"(anonymous_1)","line":12,"loc":{"start":{"line":12,"column":1},"end":{"line":12,"column":13}}},"2":{"name":"(anonymous_2)","line":19,"loc":{"start":{"line":19,"column":5},"end":{"line":19,"column":17}}},"3":{"name":"(anonymous_3)","line":23,"loc":{"start":{"line":23,"column":24},"end":{"line":23,"column":36}}}},"statementMap":{"1":{"start":{"line":12,"column":0},"end":{"line":53,"column":5}},"2":{"start":{"line":14,"column":4},"end":{"line":14,"column":14}},"3":{"start":{"line":19,"column":4},"end":{"line":52,"column":9}},"4":{"start":{"line":21,"column":8},"end":{"line":21,"column":19}},"5":{"start":{"line":23,"column":8},"end":{"line":35,"column":13}},"6":{"start":{"line":24,"column":12},"end":{"line":34,"column":13}},"7":{"start":{"line":25,"column":16},"end":{"line":28,"column":30}},"8":{"start":{"line":30,"column":16},"end":{"line":33,"column":27}},"9":{"start":{"line":37,"column":8},"end":{"line":39,"column":21}},"10":{"start":{"line":41,"column":8},"end":{"line":41,"column":54}},"11":{"start":{"line":43,"column":8},"end":{"line":43,"column":54}},"12":{"start":{"line":45,"column":8},"end":{"line":51,"column":9}},"13":{"start":{"line":46,"column":12},"end":{"line":46,"column":60}},"14":{"start":{"line":48,"column":12},"end":{"line":48,"column":35}},"15":{"start":{"line":49,"column":12},"end":{"line":49,"column":49}},"16":{"start":{"line":50,"column":12},"end":{"line":50,"column":43}}},"branchMap":{"1":{"line":25,"type":"binary-expr","locations":[{"start":{"line":25,"column":23},"end":{"line":25,"column":62}},{"start":{"line":26,"column":20},"end":{"line":26,"column":70}},{"start":{"line":27,"column":20},"end":{"line":27,"column":71}},{"start":{"line":28,"column":20},"end":{"line":28,"column":29}}]},"2":{"line":30,"type":"binary-expr","locations":[{"start":{"line":30,"column":23},"end":{"line":30,"column":37}},{"start":{"line":31,"column":20},"end":{"line":31,"column":61}},{"start":{"line":32,"column":20},"end":{"line":32,"column":70}},{"start":{"line":33,"column":20},"end":{"line":33,"column":26}}]},"3":{"line":37,"type":"cond-expr","locations":[{"start":{"line":38,"column":14},"end":{"line":38,"column":20}},{"start":{"line":39,"column":14},"end":{"line":39,"column":20}}]},"4":{"line":41,"type":"binary-expr","locations":[{"start":{"line":41,"column":16},"end":{"line":41,"column":44}},{"start":{"line":41,"column":48},"end":{"line":41,"column":53}}]},"5":{"line":45,"type":"if","locations":[{"start":{"line":45,"column":8},"end":{"line":45,"column":8}},{"start":{"line":45,"column":8},"end":{"line":45,"column":8}}]}},"code":["/* istanbul instrument in package npmtest_adventure */","/*jslint","    bitwise: true,","    browser: true,","    maxerr: 8,","    maxlen: 96,","    node: true,","    nomen: true,","    regexp: true,","    stupid: true","*/","(function () {","    'use strict';","    var local;","","","","    // run shared js-env code - pre-init","    (function () {","        // init local","        local = {};","        // init modeJs","        local.modeJs = (function () {","            try {","                return typeof navigator.userAgent === 'string' &&","                    typeof document.querySelector('body') === 'object' &&","                    typeof XMLHttpRequest.prototype.open === 'function' &&","                    'browser';","            } catch (errorCaughtBrowser) {","                return module.exports &&","                    typeof process.versions.node === 'string' &&","                    typeof require('http').createServer === 'function' &&","                    'node';","            }","        }());","        // init global","        local.global = local.modeJs === 'browser'","            ? window","            : global;","        // init utility2_rollup","        local = local.global.utility2_rollup || local;","        // init lib","        local.local = local.npmtest_adventure = local;","        // init exports","        if (local.modeJs === 'browser') {","            local.global.utility2_npmtest_adventure = local;","        } else {","            module.exports = local;","            module.exports.__dirname = __dirname;","            module.exports.module = module;","        }","    }());","}());",""],"l":{"12":2,"14":2,"19":2,"21":2,"23":2,"24":2,"25":2,"30":1,"37":2,"41":2,"43":2,"45":2,"46":1,"48":1,"49":1,"50":1}},"/home/travis/build/npmtest/node-npmtest-adventure/example.js":{"path":"/home/travis/build/npmtest/node-npmtest-adventure/example.js","s":{"1":2,"2":2,"3":2,"4":2,"5":2,"6":2,"7":2,"8":1,"9":2,"10":2,"11":2,"12":2,"13":1,"14":2,"15":2,"16":2,"17":2,"18":2,"19":0,"20":2,"21":1,"22":1,"23":1,"24":1,"25":1,"26":0,"27":0,"28":1,"29":1,"30":2,"31":0,"32":0,"33":0,"34":1,"35":2,"36":2,"37":2,"38":2,"39":2,"40":2,"41":0,"42":2,"43":2,"44":2,"45":1,"46":3,"47":1,"48":1,"49":1,"50":1,"51":1,"52":1,"53":1,"54":1,"55":1,"56":1,"57":0,"58":1,"59":6,"60":6,"61":1,"62":2,"63":0,"64":2,"65":1,"66":1,"67":0,"68":0,"69":0,"70":0,"71":0,"72":0,"73":0,"74":0,"75":0,"76":0,"77":0,"78":0,"79":0,"80":0,"81":0,"82":0,"83":0},"b":{"1":[2,1,1,1],"2":[1,1,1,1],"3":[1,1],"4":[2,2],"5":[1,1],"6":[1,1],"7":[2,0],"8":[2,1,1,1,1,1],"9":[0,2,0],"10":[1,1],"11":[2,1,1],"12":[1,0],"13":[0,2],"14":[2,0,0,0,0,0,0],"15":[0,2],"16":[2,0],"17":[1,1],"18":[0,1],"19":[1,2,0,2],"20":[1,0],"21":[1,1],"22":[0,0],"23":[0,0],"24":[0,0],"25":[0,0],"26":[0,0],"27":[0,0],"28":[0,0]},"f":{"1":2,"2":2,"3":2,"4":2,"5":2,"6":2,"7":2,"8":2,"9":3,"10":1,"11":6,"12":0},"fnMap":{"1":{"name":"(anonymous_1)","line":26,"loc":{"start":{"line":26,"column":1},"end":{"line":26,"column":13}}},"2":{"name":"(anonymous_2)","line":33,"loc":{"start":{"line":33,"column":5},"end":{"line":33,"column":17}}},"3":{"name":"(anonymous_3)","line":37,"loc":{"start":{"line":37,"column":24},"end":{"line":37,"column":36}}},"4":{"name":"(anonymous_4)","line":69,"loc":{"start":{"line":69,"column":31},"end":{"line":69,"column":48}},"skip":true},"5":{"name":"(anonymous_5)","line":78,"loc":{"start":{"line":78,"column":26},"end":{"line":78,"column":45}},"skip":true},"6":{"name":"(anonymous_6)","line":123,"loc":{"start":{"line":123,"column":33},"end":{"line":123,"column":48}},"skip":true},"7":{"name":"(anonymous_7)","line":125,"loc":{"start":{"line":125,"column":27},"end":{"line":125,"column":39}},"skip":true},"8":{"name":"(anonymous_8)","line":133,"loc":{"start":{"line":133,"column":59},"end":{"line":133,"column":74}},"skip":true},"9":{"name":"(anonymous_9)","line":143,"loc":{"start":{"line":143,"column":45},"end":{"line":143,"column":62}},"skip":true},"10":{"name":"(anonymous_10)","line":144,"loc":{"start":{"line":144,"column":73},"end":{"line":144,"column":92}},"skip":true},"11":{"name":"(anonymous_11)","line":272,"loc":{"start":{"line":272,"column":51},"end":{"line":272,"column":77}},"skip":true},"12":{"name":"(anonymous_12)","line":314,"loc":{"start":{"line":314,"column":32},"end":{"line":314,"column":61}},"skip":true}},"statementMap":{"1":{"start":{"line":26,"column":0},"end":{"line":325,"column":5}},"2":{"start":{"line":28,"column":4},"end":{"line":28,"column":14}},"3":{"start":{"line":33,"column":4},"end":{"line":60,"column":9}},"4":{"start":{"line":35,"column":8},"end":{"line":35,"column":19}},"5":{"start":{"line":37,"column":8},"end":{"line":49,"column":13}},"6":{"start":{"line":38,"column":12},"end":{"line":48,"column":13}},"7":{"start":{"line":39,"column":16},"end":{"line":42,"column":30}},"8":{"start":{"line":44,"column":16},"end":{"line":47,"column":27}},"9":{"start":{"line":51,"column":8},"end":{"line":53,"column":21}},"10":{"start":{"line":55,"column":8},"end":{"line":57,"column":45}},"11":{"start":{"line":59,"column":8},"end":{"line":59,"column":35}},"12":{"start":{"line":61,"column":4},"end":{"line":324,"column":5}},"13":{"start":{"line":69,"column":8},"end":{"line":121,"column":10},"skip":true},"14":{"start":{"line":70,"column":12},"end":{"line":88,"column":13},"skip":true},"15":{"start":{"line":76,"column":16},"end":{"line":87,"column":19},"skip":true},"16":{"start":{"line":79,"column":20},"end":{"line":86,"column":21},"skip":true},"17":{"start":{"line":82,"column":24},"end":{"line":82,"column":43},"skip":true},"18":{"start":{"line":83,"column":24},"end":{"line":83,"column":30},"skip":true},"19":{"start":{"line":85,"column":24},"end":{"line":85,"column":49},"skip":true},"20":{"start":{"line":89,"column":12},"end":{"line":107,"column":13},"skip":true},"21":{"start":{"line":92,"column":16},"end":{"line":102,"column":17},"skip":true},"22":{"start":{"line":93,"column":20},"end":{"line":93,"column":86},"skip":true},"23":{"start":{"line":94,"column":20},"end":{"line":95,"column":45},"skip":true},"24":{"start":{"line":96,"column":20},"end":{"line":96,"column":42},"skip":true},"25":{"start":{"line":97,"column":20},"end":{"line":97,"column":48},"skip":true},"26":{"start":{"line":100,"column":20},"end":{"line":100,"column":85},"skip":true},"27":{"start":{"line":101,"column":20},"end":{"line":101,"column":96},"skip":true},"28":{"start":{"line":103,"column":16},"end":{"line":103,"column":22},"skip":true},"29":{"start":{"line":106,"column":16},"end":{"line":106,"column":22},"skip":true},"30":{"start":{"line":108,"column":12},"end":{"line":120,"column":13},"skip":true},"31":{"start":{"line":114,"column":16},"end":{"line":119,"column":17},"skip":true},"32":{"start":{"line":116,"column":20},"end":{"line":116,"column":78},"skip":true},"33":{"start":{"line":118,"column":20},"end":{"line":118,"column":47},"skip":true},"34":{"start":{"line":123,"column":8},"end":{"line":141,"column":11},"skip":true},"35":{"start":{"line":124,"column":12},"end":{"line":124,"column":54},"skip":true},"36":{"start":{"line":125,"column":12},"end":{"line":140,"column":14},"skip":true},"37":{"start":{"line":126,"column":16},"end":{"line":126,"column":28},"skip":true},"38":{"start":{"line":127,"column":16},"end":{"line":127,"column":69},"skip":true},"39":{"start":{"line":128,"column":16},"end":{"line":128,"column":75},"skip":true},"40":{"start":{"line":129,"column":16},"end":{"line":131,"column":17},"skip":true},"41":{"start":{"line":130,"column":20},"end":{"line":130,"column":27},"skip":true},"42":{"start":{"line":133,"column":16},"end":{"line":137,"column":36},"skip":true},"43":{"start":{"line":134,"column":20},"end":{"line":136,"column":55},"skip":true},"44":{"start":{"line":139,"column":16},"end":{"line":139,"column":57},"skip":true},"45":{"start":{"line":143,"column":8},"end":{"line":147,"column":11},"skip":true},"46":{"start":{"line":144,"column":12},"end":{"line":146,"column":15},"skip":true},"47":{"start":{"line":145,"column":16},"end":{"line":145,"column":70},"skip":true},"48":{"start":{"line":149,"column":8},"end":{"line":149,"column":31},"skip":true},"49":{"start":{"line":150,"column":8},"end":{"line":150,"column":14},"skip":true},"50":{"start":{"line":158,"column":8},"end":{"line":158,"column":31},"skip":true},"51":{"start":{"line":160,"column":8},"end":{"line":160,"column":33},"skip":true},"52":{"start":{"line":161,"column":8},"end":{"line":161,"column":37},"skip":true},"53":{"start":{"line":162,"column":8},"end":{"line":162,"column":35},"skip":true},"54":{"start":{"line":164,"column":8},"end":{"line":164,"column":50},"skip":true},"55":{"start":{"line":166,"column":8},"end":{"line":256,"column":2},"skip":true},"56":{"start":{"line":258,"column":8},"end":{"line":286,"column":9},"skip":true},"57":{"start":{"line":259,"column":12},"end":{"line":269,"column":14},"skip":true},"58":{"start":{"line":271,"column":12},"end":{"line":285,"column":19},"skip":true},"59":{"start":{"line":274,"column":20},"end":{"line":274,"column":35},"skip":true},"60":{"start":{"line":275,"column":20},"end":{"line":284,"column":21},"skip":true},"61":{"start":{"line":277,"column":24},"end":{"line":277,"column":64},"skip":true},"62":{"start":{"line":279,"column":24},"end":{"line":279,"column":40},"skip":true},"63":{"start":{"line":281,"column":24},"end":{"line":281,"column":40},"skip":true},"64":{"start":{"line":283,"column":24},"end":{"line":283,"column":39},"skip":true},"65":{"start":{"line":288,"column":8},"end":{"line":290,"column":9},"skip":true},"66":{"start":{"line":289,"column":12},"end":{"line":289,"column":18},"skip":true},"67":{"start":{"line":291,"column":8},"end":{"line":293,"column":54},"skip":true},"68":{"start":{"line":294,"column":8},"end":{"line":301,"column":37},"skip":true},"69":{"start":{"line":302,"column":8},"end":{"line":302,"column":82},"skip":true},"70":{"start":{"line":305,"column":8},"end":{"line":307,"column":9},"skip":true},"71":{"start":{"line":306,"column":12},"end":{"line":306,"column":82},"skip":true},"72":{"start":{"line":309,"column":8},"end":{"line":311,"column":9},"skip":true},"73":{"start":{"line":310,"column":12},"end":{"line":310,"column":18},"skip":true},"74":{"start":{"line":312,"column":8},"end":{"line":312,"column":54},"skip":true},"75":{"start":{"line":313,"column":8},"end":{"line":313,"column":69},"skip":true},"76":{"start":{"line":314,"column":8},"end":{"line":322,"column":36},"skip":true},"77":{"start":{"line":315,"column":12},"end":{"line":315,"column":61},"skip":true},"78":{"start":{"line":316,"column":12},"end":{"line":319,"column":13},"skip":true},"79":{"start":{"line":317,"column":16},"end":{"line":317,"column":75},"skip":true},"80":{"start":{"line":318,"column":16},"end":{"line":318,"column":23},"skip":true},"81":{"start":{"line":320,"column":12},"end":{"line":320,"column":38},"skip":true},"82":{"start":{"line":321,"column":12},"end":{"line":321,"column":27},"skip":true},"83":{"start":{"line":323,"column":8},"end":{"line":323,"column":14},"skip":true}},"branchMap":{"1":{"line":39,"type":"binary-expr","locations":[{"start":{"line":39,"column":23},"end":{"line":39,"column":62}},{"start":{"line":40,"column":20},"end":{"line":40,"column":70}},{"start":{"line":41,"column":20},"end":{"line":41,"column":71}},{"start":{"line":42,"column":20},"end":{"line":42,"column":29}}]},"2":{"line":44,"type":"binary-expr","locations":[{"start":{"line":44,"column":23},"end":{"line":44,"column":37}},{"start":{"line":45,"column":20},"end":{"line":45,"column":61}},{"start":{"line":46,"column":20},"end":{"line":46,"column":70}},{"start":{"line":47,"column":20},"end":{"line":47,"column":26}}]},"3":{"line":51,"type":"cond-expr","locations":[{"start":{"line":52,"column":14},"end":{"line":52,"column":20}},{"start":{"line":53,"column":14},"end":{"line":53,"column":20}}]},"4":{"line":55,"type":"binary-expr","locations":[{"start":{"line":55,"column":16},"end":{"line":55,"column":44}},{"start":{"line":55,"column":49},"end":{"line":57,"column":43}}]},"5":{"line":55,"type":"cond-expr","locations":[{"start":{"line":56,"column":14},"end":{"line":56,"column":53}},{"start":{"line":57,"column":14},"end":{"line":57,"column":43}}]},"6":{"line":61,"type":"switch","locations":[{"start":{"line":68,"column":4},"end":{"line":150,"column":14},"skip":true},{"start":{"line":156,"column":4},"end":{"line":323,"column":14},"skip":true}]},"7":{"line":70,"type":"if","locations":[{"start":{"line":70,"column":12},"end":{"line":70,"column":12},"skip":true},{"start":{"line":70,"column":12},"end":{"line":70,"column":12},"skip":true}]},"8":{"line":70,"type":"binary-expr","locations":[{"start":{"line":70,"column":16},"end":{"line":70,"column":22},"skip":true},{"start":{"line":70,"column":27},"end":{"line":70,"column":32},"skip":true},{"start":{"line":71,"column":20},"end":{"line":71,"column":39},"skip":true},{"start":{"line":72,"column":20},"end":{"line":72,"column":49},"skip":true},{"start":{"line":73,"column":20},"end":{"line":73,"column":58},"skip":true},{"start":{"line":74,"column":20},"end":{"line":74,"column":69},"skip":true}]},"9":{"line":79,"type":"switch","locations":[{"start":{"line":80,"column":20},"end":{"line":80,"column":33},"skip":true},{"start":{"line":81,"column":20},"end":{"line":83,"column":30},"skip":true},{"start":{"line":84,"column":20},"end":{"line":85,"column":49},"skip":true}]},"10":{"line":89,"type":"switch","locations":[{"start":{"line":90,"column":12},"end":{"line":103,"column":22},"skip":true},{"start":{"line":105,"column":12},"end":{"line":106,"column":22},"skip":true}]},"11":{"line":89,"type":"binary-expr","locations":[{"start":{"line":89,"column":20},"end":{"line":89,"column":25},"skip":true},{"start":{"line":89,"column":29},"end":{"line":89,"column":48},"skip":true},{"start":{"line":89,"column":52},"end":{"line":89,"column":74},"skip":true}]},"12":{"line":92,"type":"if","locations":[{"start":{"line":92,"column":16},"end":{"line":92,"column":16},"skip":true},{"start":{"line":92,"column":16},"end":{"line":92,"column":16},"skip":true}]},"13":{"line":108,"type":"if","locations":[{"start":{"line":108,"column":12},"end":{"line":108,"column":12},"skip":true},{"start":{"line":108,"column":12},"end":{"line":108,"column":12},"skip":true}]},"14":{"line":108,"type":"binary-expr","locations":[{"start":{"line":108,"column":16},"end":{"line":108,"column":61},"skip":true},{"start":{"line":108,"column":66},"end":{"line":108,"column":72},"skip":true},{"start":{"line":108,"column":77},"end":{"line":108,"column":82},"skip":true},{"start":{"line":109,"column":20},"end":{"line":109,"column":39},"skip":true},{"start":{"line":110,"column":20},"end":{"line":110,"column":49},"skip":true},{"start":{"line":111,"column":20},"end":{"line":111,"column":58},"skip":true},{"start":{"line":112,"column":20},"end":{"line":112,"column":68},"skip":true}]},"15":{"line":129,"type":"if","locations":[{"start":{"line":129,"column":16},"end":{"line":129,"column":16},"skip":true},{"start":{"line":129,"column":16},"end":{"line":129,"column":16},"skip":true}]},"16":{"line":134,"type":"cond-expr","locations":[{"start":{"line":135,"column":26},"end":{"line":135,"column":29},"skip":true},{"start":{"line":136,"column":26},"end":{"line":136,"column":54},"skip":true}]},"17":{"line":164,"type":"binary-expr","locations":[{"start":{"line":164,"column":27},"end":{"line":164,"column":43},"skip":true},{"start":{"line":164,"column":47},"end":{"line":164,"column":49},"skip":true}]},"18":{"line":258,"type":"if","locations":[{"start":{"line":258,"column":8},"end":{"line":258,"column":8},"skip":true},{"start":{"line":258,"column":8},"end":{"line":258,"column":8},"skip":true}]},"19":{"line":275,"type":"switch","locations":[{"start":{"line":276,"column":20},"end":{"line":277,"column":64},"skip":true},{"start":{"line":278,"column":20},"end":{"line":279,"column":40},"skip":true},{"start":{"line":280,"column":20},"end":{"line":281,"column":40},"skip":true},{"start":{"line":282,"column":20},"end":{"line":283,"column":39},"skip":true}]},"20":{"line":288,"type":"if","locations":[{"start":{"line":288,"column":8},"end":{"line":288,"column":8},"skip":true},{"start":{"line":288,"column":8},"end":{"line":288,"column":8},"skip":true}]},"21":{"line":288,"type":"binary-expr","locations":[{"start":{"line":288,"column":12},"end":{"line":288,"column":40},"skip":true},{"start":{"line":288,"column":44},"end":{"line":288,"column":67},"skip":true}]},"22":{"line":292,"type":"binary-expr","locations":[{"start":{"line":292,"column":12},"end":{"line":292,"column":50},"skip":true},{"start":{"line":293,"column":12},"end":{"line":293,"column":53},"skip":true}]},"23":{"line":295,"type":"binary-expr","locations":[{"start":{"line":295,"column":12},"end":{"line":295,"column":67},"skip":true},{"start":{"line":296,"column":12},"end":{"line":301,"column":36},"skip":true}]},"24":{"line":302,"type":"binary-expr","locations":[{"start":{"line":302,"column":43},"end":{"line":302,"column":75},"skip":true},{"start":{"line":302,"column":79},"end":{"line":302,"column":81},"skip":true}]},"25":{"line":305,"type":"if","locations":[{"start":{"line":305,"column":8},"end":{"line":305,"column":8},"skip":true},{"start":{"line":305,"column":8},"end":{"line":305,"column":8},"skip":true}]},"26":{"line":309,"type":"if","locations":[{"start":{"line":309,"column":8},"end":{"line":309,"column":8},"skip":true},{"start":{"line":309,"column":8},"end":{"line":309,"column":8},"skip":true}]},"27":{"line":312,"type":"binary-expr","locations":[{"start":{"line":312,"column":27},"end":{"line":312,"column":43},"skip":true},{"start":{"line":312,"column":47},"end":{"line":312,"column":53},"skip":true}]},"28":{"line":316,"type":"if","locations":[{"start":{"line":316,"column":12},"end":{"line":316,"column":12},"skip":true},{"start":{"line":316,"column":12},"end":{"line":316,"column":12},"skip":true}]}},"code":["/*","example.js","","quickstart example","","instruction","    1. save this script as example.js","    2. run the shell command:","        $ npm install npmtest-adventure && PORT=8081 node example.js","    3. play with the browser-demo on http://127.0.0.1:8081","*/","","","","/* istanbul instrument in package npmtest_adventure */","/*jslint","    bitwise: true,","    browser: true,","    maxerr: 8,","    maxlen: 96,","    node: true,","    nomen: true,","    regexp: true,","    stupid: true","*/","(function () {","    'use strict';","    var local;","","","","    // run shared js-env code - pre-init","    (function () {","        // init local","        local = {};","        // init modeJs","        local.modeJs = (function () {","            try {","                return typeof navigator.userAgent === 'string' &&","                    typeof document.querySelector('body') === 'object' &&","                    typeof XMLHttpRequest.prototype.open === 'function' &&","                    'browser';","            } catch (errorCaughtBrowser) {","                return module.exports &&","                    typeof process.versions.node === 'string' &&","                    typeof require('http').createServer === 'function' &&","                    'node';","            }","        }());","        // init global","        local.global = local.modeJs === 'browser'","            ? window","            : global;","        // init utility2_rollup","        local = local.global.utility2_rollup || (local.modeJs === 'browser'","            ? local.global.utility2_npmtest_adventure","            : global.utility2_moduleExports);","        // export local","        local.global.local = local;","    }());","    switch (local.modeJs) {","","","","    // post-init","    // run browser js-env code - post-init","    /* istanbul ignore next */","    case 'browser':","        local.testRunBrowser = function (event) {","            if (!event || (event &&","                    event.currentTarget &&","                    event.currentTarget.className &&","                    event.currentTarget.className.includes &&","                    event.currentTarget.className.includes('onreset'))) {","                // reset output","                Array.from(","                    document.querySelectorAll('body > .resettable')","                ).forEach(function (element) {","                    switch (element.tagName) {","                    case 'INPUT':","                    case 'TEXTAREA':","                        element.value = '';","                        break;","                    default:","                        element.textContent = '';","                    }","                });","            }","            switch (event && event.currentTarget && event.currentTarget.id) {","            case 'testRunButton1':","                // show tests","                if (document.querySelector('#testReportDiv1').style.display === 'none') {","                    document.querySelector('#testReportDiv1').style.display = 'block';","                    document.querySelector('#testRunButton1').textContent =","                        'hide internal test';","                    local.modeTest = true;","                    local.testRunDefault(local);","                // hide tests","                } else {","                    document.querySelector('#testReportDiv1').style.display = 'none';","                    document.querySelector('#testRunButton1').textContent = 'run internal test';","                }","                break;","            // custom-case","            default:","                break;","            }","            if (document.querySelector('#inputTextareaEval1') && (!event || (event &&","                    event.currentTarget &&","                    event.currentTarget.className &&","                    event.currentTarget.className.includes &&","                    event.currentTarget.className.includes('oneval')))) {","                // try to eval input-code","                try {","                    /*jslint evil: true*/","                    eval(document.querySelector('#inputTextareaEval1').value);","                } catch (errorCaught) {","                    console.error(errorCaught);","                }","            }","        };","        // log stderr and stdout to #outputTextareaStdout1","        ['error', 'log'].forEach(function (key) {","            console[key + '_original'] = console[key];","            console[key] = function () {","                var element;","                console[key + '_original'].apply(console, arguments);","                element = document.querySelector('#outputTextareaStdout1');","                if (!element) {","                    return;","                }","                // append text to #outputTextareaStdout1","                element.value += Array.from(arguments).map(function (arg) {","                    return typeof arg === 'string'","                        ? arg","                        : JSON.stringify(arg, null, 4);","                }).join(' ') + '\\n';","                // scroll textarea to bottom","                element.scrollTop = element.scrollHeight;","            };","        });","        // init event-handling","        ['change', 'click', 'keyup'].forEach(function (event) {","            Array.from(document.querySelectorAll('.on' + event)).forEach(function (element) {","                element.addEventListener(event, local.testRunBrowser);","            });","        });","        // run tests","        local.testRunBrowser();","        break;","","","","    // run node js-env code - post-init","    /* istanbul ignore next */","    case 'node':","        // export local","        module.exports = local;","        // require modules","        local.fs = require('fs');","        local.http = require('http');","        local.url = require('url');","        // init assets","        local.assetsDict = local.assetsDict || {};","        /* jslint-ignore-begin */","        local.assetsDict['/assets.index.template.html'] = '\\","<!doctype html>\\n\\","<html lang=\"en\">\\n\\","<head>\\n\\","<meta charset=\"UTF-8\">\\n\\","<meta name=\"viewport\" content=\"width=device-width, initial-scale=1\">\\n\\","<title>{{env.npm_package_name}} (v{{env.npm_package_version}})</title>\\n\\","<style>\\n\\","/*csslint\\n\\","    box-sizing: false,\\n\\","    universal-selector: false\\n\\","*/\\n\\","* {\\n\\","    box-sizing: border-box;\\n\\","}\\n\\","body {\\n\\","    background: #dde;\\n\\","    font-family: Arial, Helvetica, sans-serif;\\n\\","    margin: 2rem;\\n\\","}\\n\\","body > * {\\n\\","    margin-bottom: 1rem;\\n\\","}\\n\\",".utility2FooterDiv {\\n\\","    margin-top: 20px;\\n\\","    text-align: center;\\n\\","}\\n\\","</style>\\n\\","<style>\\n\\","/*csslint\\n\\","*/\\n\\","textarea {\\n\\","    font-family: monospace;\\n\\","    height: 10rem;\\n\\","    width: 100%;\\n\\","}\\n\\","textarea[readonly] {\\n\\","    background: #ddd;\\n\\","}\\n\\","</style>\\n\\","</head>\\n\\","<body>\\n\\","<!-- utility2-comment\\n\\","<div id=\"ajaxProgressDiv1\" style=\"background: #d00; height: 2px; left: 0; margin: 0; padding: 0; position: fixed; top: 0; transition: background 0.5s, width 1.5s; width: 25%;\"></div>\\n\\","utility2-comment -->\\n\\","<h1>\\n\\","<!-- utility2-comment\\n\\","    <a\\n\\","        {{#if env.npm_package_homepage}}\\n\\","        href=\"{{env.npm_package_homepage}}\"\\n\\","        {{/if env.npm_package_homepage}}\\n\\","        target=\"_blank\"\\n\\","    >\\n\\","utility2-comment -->\\n\\","        {{env.npm_package_name}} (v{{env.npm_package_version}})\\n\\","<!-- utility2-comment\\n\\","    </a>\\n\\","utility2-comment -->\\n\\","</h1>\\n\\","<h3>{{env.npm_package_description}}</h3>\\n\\","<!-- utility2-comment\\n\\","<h4><a download href=\"assets.app.js\">download standalone app</a></h4>\\n\\","<button class=\"onclick onreset\" id=\"testRunButton1\">run internal test</button><br>\\n\\","<div id=\"testReportDiv1\" style=\"display: none;\"></div>\\n\\","utility2-comment -->\\n\\","\\n\\","\\n\\","\\n\\","<label>stderr and stdout</label>\\n\\","<textarea class=\"resettable\" id=\"outputTextareaStdout1\" readonly></textarea>\\n\\","<!-- utility2-comment\\n\\","{{#if isRollup}}\\n\\","<script src=\"assets.app.js\"></script>\\n\\","{{#unless isRollup}}\\n\\","utility2-comment -->\\n\\","<script src=\"assets.utility2.rollup.js\"></script>\\n\\","<script src=\"jsonp.utility2._stateInit?callback=window.utility2._stateInit\"></script>\\n\\","<script src=\"assets.npmtest_adventure.rollup.js\"></script>\\n\\","<script src=\"assets.example.js\"></script>\\n\\","<script src=\"assets.test.js\"></script>\\n\\","<!-- utility2-comment\\n\\","{{/if isRollup}}\\n\\","utility2-comment -->\\n\\","<div class=\"utility2FooterDiv\">\\n\\","    [ this app was created with\\n\\","    <a href=\"https://github.com/kaizhu256/node-utility2\" target=\"_blank\">utility2</a>\\n\\","    ]\\n\\","</div>\\n\\","</body>\\n\\","</html>\\n\\","';","        /* jslint-ignore-end */","        if (local.templateRender) {","            local.assetsDict['/'] = local.templateRender(","                local.assetsDict['/assets.index.template.html'],","                {","                    env: local.objectSetDefault(local.env, {","                        npm_package_description: 'the greatest app in the world!',","                        npm_package_name: 'my-app',","                        npm_package_nameAlias: 'my_app',","                        npm_package_version: '0.0.1'","                    })","                }","            );","        } else {","            local.assetsDict['/'] = local.assetsDict['/assets.index.template.html']","                .replace((/\\{\\{env\\.(\\w+?)\\}\\}/g), function (match0, match1) {","                    // jslint-hack","                    String(match0);","                    switch (match1) {","                    case 'npm_package_description':","                        return 'the greatest app in the world!';","                    case 'npm_package_name':","                        return 'my-app';","                    case 'npm_package_nameAlias':","                        return 'my_app';","                    case 'npm_package_version':","                        return '0.0.1';","                    }","                });","        }","        // run the cli","        if (local.global.utility2_rollup || module !== require.main) {","            break;","        }","        local.assetsDict['/assets.example.js'] =","            local.assetsDict['/assets.example.js'] ||","            local.fs.readFileSync(__filename, 'utf8');","        local.assetsDict['/assets.npmtest_adventure.rollup.js'] =","            local.assetsDict['/assets.npmtest_adventure.rollup.js'] ||","            local.fs.readFileSync(","                // buildCustomOrg-hack","                local.npmtest_adventure.__dirname +","                    '/lib.npmtest_adventure.js',","                'utf8'","            ).replace((/^#!/), '//');","        local.assetsDict['/favicon.ico'] = local.assetsDict['/favicon.ico'] || '';","        // if $npm_config_timeout_exit exists,","        // then exit this process after $npm_config_timeout_exit ms","        if (Number(process.env.npm_config_timeout_exit)) {","            setTimeout(process.exit, Number(process.env.npm_config_timeout_exit));","        }","        // start server","        if (local.global.utility2_serverHttp1) {","            break;","        }","        process.env.PORT = process.env.PORT || '8081';","        console.error('server starting on port ' + process.env.PORT);","        local.http.createServer(function (request, response) {","            request.urlParsed = local.url.parse(request.url);","            if (local.assetsDict[request.urlParsed.pathname] !== undefined) {","                response.end(local.assetsDict[request.urlParsed.pathname]);","                return;","            }","            response.statusCode = 404;","            response.end();","        }).listen(process.env.PORT);","        break;","    }","}());",""],"l":{"26":2,"28":2,"33":2,"35":2,"37":2,"38":2,"39":2,"44":1,"51":2,"55":2,"59":2,"61":2,"69":1,"70":2,"76":2,"79":2,"82":2,"83":2,"85":1,"89":2,"92":1,"93":1,"94":1,"96":1,"97":1,"100":1,"101":1,"103":1,"106":1,"108":2,"114":1,"116":1,"118":1,"123":1,"124":2,"125":2,"126":2,"127":2,"128":2,"129":2,"130":1,"133":2,"134":2,"139":2,"143":1,"144":3,"145":1,"149":1,"150":1,"158":1,"160":1,"161":1,"162":1,"164":1,"166":1,"258":1,"259":1,"271":1,"274":6,"275":6,"277":1,"279":2,"281":1,"283":2,"288":1,"289":1,"291":1,"294":1,"302":1,"305":1,"306":1,"309":1,"310":1,"312":1,"313":1,"314":1,"315":1,"316":1,"317":1,"318":1,"320":1,"321":1,"323":1}},"/home/travis/build/npmtest/node-npmtest-adventure/node_modules/adventure/index.js":{"path":"/home/travis/build/npmtest/node-npmtest-adventure/node_modules/adventure/index.js","s":{"1":1,"2":1,"3":1,"4":1,"5":1,"6":1,"7":1,"8":1,"9":1,"10":1,"11":1,"12":1,"13":1,"14":1,"15":0,"16":0,"17":0,"18":0,"19":0,"20":0,"21":0,"22":0,"23":0,"24":0,"25":0,"26":0,"27":0,"28":0,"29":0,"30":0,"31":0,"32":0,"33":0,"34":0,"35":0,"36":0,"37":0,"38":0,"39":0,"40":0,"41":0,"42":0,"43":0,"44":0,"45":0,"46":0,"47":1,"48":0,"49":0,"50":0,"51":0,"52":0,"53":0,"54":0,"55":0,"56":0,"57":0,"58":0,"59":0,"60":0,"61":0,"62":0,"63":0,"64":0,"65":0,"66":0,"67":0,"68":0,"69":0,"70":0,"71":0,"72":0,"73":0,"74":0,"75":0,"76":0,"77":0,"78":0,"79":0,"80":0,"81":0,"82":0,"83":0,"84":0,"85":0,"86":0,"87":0,"88":0,"89":0,"90":0,"91":0,"92":0,"93":0,"94":1,"95":0,"96":1,"97":0,"98":0,"99":0,"100":0,"101":1,"102":0,"103":1,"104":0,"105":0,"106":0,"107":0,"108":0,"109":0,"110":0,"111":0,"112":0,"113":0,"114":0,"115":0,"116":0,"117":0,"118":0,"119":1,"120":0,"121":0,"122":0,"123":0,"124":0,"125":0,"126":0,"127":0,"128":0,"129":0,"130":0,"131":0,"132":1,"133":0,"134":0,"135":0,"136":0,"137":0,"138":0,"139":0,"140":0,"141":0,"142":0,"143":0,"144":0,"145":0,"146":0,"147":0,"148":0,"149":1,"150":0,"151":0,"152":0,"153":0,"154":0,"155":0,"156":0,"157":0,"158":1,"159":0,"160":0,"161":0,"162":0,"163":0,"164":0,"165":0,"166":0,"167":1,"168":0,"169":0,"170":0,"171":0,"172":0,"173":0,"174":0,"175":0,"176":0,"177":0,"178":0,"179":0,"180":1,"181":0,"182":1,"183":0,"184":0,"185":1,"186":0,"187":0,"188":0,"189":0,"190":0,"191":0,"192":1,"193":0,"194":0,"195":1,"196":0,"197":0,"198":0,"199":1,"200":0},"b":{"1":[0,0],"2":[0,0],"3":[0,0],"4":[0,0],"5":[0,0],"6":[0,0],"7":[0,0],"8":[0,0],"9":[0,0],"10":[0,0],"11":[0,0],"12":[0,0],"13":[0,0],"14":[0,0],"15":[0,0],"16":[0,0],"17":[0,0],"18":[0,0],"19":[0,0],"20":[0,0],"21":[0,0],"22":[0,0],"23":[0,0],"24":[0,0],"25":[0,0],"26":[0,0],"27":[0,0],"28":[0,0],"29":[0,0],"30":[0,0],"31":[0,0],"32":[0,0],"33":[0,0],"34":[0,0],"35":[0,0],"36":[0,0],"37":[0,0],"38":[0,0],"39":[0,0],"40":[0,0],"41":[0,0],"42":[0,0],"43":[0,0],"44":[0,0],"45":[0,0],"46":[0,0],"47":[0,0],"48":[0,0],"49":[0,0],"50":[0,0],"51":[0,0],"52":[0,0],"53":[0,0],"54":[0,0],"55":[0,0]},"f":{"1":0,"2":0,"3":0,"4":0,"5":0,"6":0,"7":0,"8":0,"9":0,"10":0,"11":0,"12":0,"13":0,"14":0,"15":0,"16":0,"17":0,"18":0,"19":0,"20":0,"21":0,"22":0,"23":0,"24":0},"fnMap":{"1":{"name":"Shop","line":17,"loc":{"start":{"line":17,"column":0},"end":{"line":17,"column":21}}},"2":{"name":"(anonymous_2)","line":58,"loc":{"start":{"line":58,"column":39},"end":{"line":58,"column":59}}},"3":{"name":"(anonymous_3)","line":71,"loc":{"start":{"line":71,"column":25},"end":{"line":71,"column":41}}},"4":{"name":"(anonymous_4)","line":89,"loc":{"start":{"line":89,"column":17},"end":{"line":89,"column":32}}},"5":{"name":"(anonymous_5)","line":104,"loc":{"start":{"line":104,"column":17},"end":{"line":104,"column":32}}},"6":{"name":"(anonymous_6)","line":138,"loc":{"start":{"line":138,"column":21},"end":{"line":138,"column":41}}},"7":{"name":"(anonymous_7)","line":142,"loc":{"start":{"line":142,"column":22},"end":{"line":142,"column":38}}},"8":{"name":"norm","line":147,"loc":{"start":{"line":147,"column":4},"end":{"line":147,"column":22}}},"9":{"name":"(anonymous_9)","line":150,"loc":{"start":{"line":150,"column":24},"end":{"line":150,"column":46}}},"10":{"name":"(anonymous_10)","line":166,"loc":{"start":{"line":166,"column":27},"end":{"line":166,"column":41}}},"11":{"name":"(anonymous_11)","line":173,"loc":{"start":{"line":173,"column":21},"end":{"line":173,"column":43}}},"12":{"name":"(anonymous_12)","line":192,"loc":{"start":{"line":192,"column":22},"end":{"line":192,"column":41}}},"13":{"name":"(anonymous_13)","line":222,"loc":{"start":{"line":222,"column":22},"end":{"line":222,"column":41}}},"14":{"name":"(anonymous_14)","line":243,"loc":{"start":{"line":243,"column":24},"end":{"line":243,"column":40}}},"15":{"name":"(anonymous_15)","line":263,"loc":{"start":{"line":263,"column":26},"end":{"line":263,"column":42}}},"16":{"name":"(anonymous_16)","line":273,"loc":{"start":{"line":273,"column":36},"end":{"line":273,"column":49}}},"17":{"name":"(anonymous_17)","line":276,"loc":{"start":{"line":276,"column":22},"end":{"line":276,"column":38}}},"18":{"name":"(anonymous_18)","line":280,"loc":{"start":{"line":280,"column":20},"end":{"line":280,"column":32}}},"19":{"name":"(anonymous_19)","line":287,"loc":{"start":{"line":287,"column":22},"end":{"line":287,"column":37}}},"20":{"name":"(anonymous_20)","line":291,"loc":{"start":{"line":291,"column":24},"end":{"line":291,"column":39}}},"21":{"name":"(anonymous_21)","line":296,"loc":{"start":{"line":296,"column":23},"end":{"line":296,"column":36}}},"22":{"name":"write","line":306,"loc":{"start":{"line":306,"column":4},"end":{"line":306,"column":36}}},"23":{"name":"replace","line":310,"loc":{"start":{"line":310,"column":4},"end":{"line":310,"column":25}}},"24":{"name":"commandify","line":319,"loc":{"start":{"line":319,"column":0},"end":{"line":319,"column":24}}}},"statementMap":{"1":{"start":{"line":1,"column":0},"end":{"line":1,"column":35}},"2":{"start":{"line":2,"column":0},"end":{"line":2,"column":50}},"3":{"start":{"line":3,"column":0},"end":{"line":3,"column":31}},"4":{"start":{"line":4,"column":0},"end":{"line":4,"column":23}},"5":{"start":{"line":5,"column":0},"end":{"line":5,"column":27}},"6":{"start":{"line":6,"column":0},"end":{"line":6,"column":27}},"7":{"start":{"line":7,"column":0},"end":{"line":7,"column":34}},"8":{"start":{"line":8,"column":0},"end":{"line":8,"column":29}},"9":{"start":{"line":9,"column":0},"end":{"line":9,"column":35}},"10":{"start":{"line":11,"column":0},"end":{"line":11,"column":40}},"11":{"start":{"line":12,"column":0},"end":{"line":12,"column":40}},"12":{"start":{"line":14,"column":0},"end":{"line":14,"column":22}},"13":{"start":{"line":15,"column":0},"end":{"line":15,"column":29}},"14":{"start":{"line":17,"column":0},"end":{"line":69,"column":1}},"15":{"start":{"line":18,"column":4},"end":{"line":18,"column":55}},"16":{"start":{"line":18,"column":33},"end":{"line":18,"column":55}},"17":{"start":{"line":19,"column":4},"end":{"line":19,"column":25}},"18":{"start":{"line":19,"column":15},"end":{"line":19,"column":25}},"19":{"start":{"line":20,"column":4},"end":{"line":20,"column":56}},"20":{"start":{"line":20,"column":34},"end":{"line":20,"column":56}},"21":{"start":{"line":22,"column":4},"end":{"line":22,"column":26}},"22":{"start":{"line":23,"column":4},"end":{"line":23,"column":24}},"23":{"start":{"line":25,"column":4},"end":{"line":28,"column":6}},"24":{"start":{"line":25,"column":20},"end":{"line":28,"column":6}},"25":{"start":{"line":29,"column":4},"end":{"line":29,"column":57}},"26":{"start":{"line":31,"column":4},"end":{"line":34,"column":6}},"27":{"start":{"line":35,"column":4},"end":{"line":35,"column":30}},"28":{"start":{"line":37,"column":4},"end":{"line":40,"column":6}},"29":{"start":{"line":41,"column":4},"end":{"line":44,"column":6}},"30":{"start":{"line":46,"column":4},"end":{"line":47,"column":18}},"31":{"start":{"line":46,"column":10},"end":{"line":46,"column":63}},"32":{"start":{"line":49,"column":4},"end":{"line":50,"column":18}},"33":{"start":{"line":49,"column":10},"end":{"line":49,"column":59}},"34":{"start":{"line":52,"column":4},"end":{"line":52,"column":36}},"35":{"start":{"line":53,"column":4},"end":{"line":57,"column":6}},"36":{"start":{"line":58,"column":4},"end":{"line":61,"column":11}},"37":{"start":{"line":59,"column":8},"end":{"line":59,"column":53}},"38":{"start":{"line":60,"column":8},"end":{"line":60,"column":19}},"39":{"start":{"line":63,"column":4},"end":{"line":63,"column":58}},"40":{"start":{"line":63,"column":27},"end":{"line":63,"column":58}},"41":{"start":{"line":64,"column":4},"end":{"line":64,"column":58}},"42":{"start":{"line":64,"column":27},"end":{"line":64,"column":58}},"43":{"start":{"line":65,"column":4},"end":{"line":65,"column":58}},"44":{"start":{"line":65,"column":27},"end":{"line":65,"column":58}},"45":{"start":{"line":66,"column":4},"end":{"line":66,"column":35}},"46":{"start":{"line":68,"column":4},"end":{"line":68,"column":26}},"47":{"start":{"line":71,"column":0},"end":{"line":136,"column":2}},"48":{"start":{"line":72,"column":4},"end":{"line":72,"column":22}},"49":{"start":{"line":73,"column":4},"end":{"line":73,"column":56}},"50":{"start":{"line":75,"column":4},"end":{"line":135,"column":5}},"51":{"start":{"line":76,"column":8},"end":{"line":76,"column":55}},"52":{"start":{"line":78,"column":9},"end":{"line":135,"column":5}},"53":{"start":{"line":79,"column":8},"end":{"line":79,"column":52}},"54":{"start":{"line":81,"column":9},"end":{"line":135,"column":5}},"55":{"start":{"line":82,"column":8},"end":{"line":82,"column":44}},"56":{"start":{"line":84,"column":9},"end":{"line":135,"column":5}},"57":{"start":{"line":85,"column":8},"end":{"line":85,"column":40}},"58":{"start":{"line":87,"column":9},"end":{"line":135,"column":5}},"59":{"start":{"line":88,"column":8},"end":{"line":91,"column":10}},"60":{"start":{"line":89,"column":34},"end":{"line":89,"column":50}},"61":{"start":{"line":93,"column":9},"end":{"line":135,"column":5}},"62":{"start":{"line":94,"column":8},"end":{"line":94,"column":53}},"63":{"start":{"line":96,"column":9},"end":{"line":135,"column":5}},"64":{"start":{"line":97,"column":8},"end":{"line":97,"column":29}},"65":{"start":{"line":99,"column":9},"end":{"line":135,"column":5}},"66":{"start":{"line":100,"column":8},"end":{"line":100,"column":40}},"67":{"start":{"line":102,"column":9},"end":{"line":135,"column":5}},"68":{"start":{"line":103,"column":8},"end":{"line":105,"column":9}},"69":{"start":{"line":104,"column":34},"end":{"line":104,"column":50}},"70":{"start":{"line":106,"column":8},"end":{"line":106,"column":51}},"71":{"start":{"line":107,"column":8},"end":{"line":108,"column":38}},"72":{"start":{"line":107,"column":28},"end":{"line":107,"column":33}},"73":{"start":{"line":108,"column":13},"end":{"line":108,"column":38}},"74":{"start":{"line":108,"column":33},"end":{"line":108,"column":38}},"75":{"start":{"line":109,"column":8},"end":{"line":109,"column":45}},"76":{"start":{"line":109,"column":23},"end":{"line":109,"column":45}},"77":{"start":{"line":111,"column":9},"end":{"line":135,"column":5}},"78":{"start":{"line":112,"column":8},"end":{"line":112,"column":48}},"79":{"start":{"line":113,"column":8},"end":{"line":119,"column":9}},"80":{"start":{"line":114,"column":12},"end":{"line":117,"column":14}},"81":{"start":{"line":118,"column":12},"end":{"line":118,"column":28}},"82":{"start":{"line":120,"column":8},"end":{"line":120,"column":25}},"83":{"start":{"line":121,"column":8},"end":{"line":122,"column":79}},"84":{"start":{"line":121,"column":24},"end":{"line":121,"column":47}},"85":{"start":{"line":122,"column":13},"end":{"line":122,"column":79}},"86":{"start":{"line":124,"column":9},"end":{"line":135,"column":5}},"87":{"start":{"line":125,"column":8},"end":{"line":125,"column":34}},"88":{"start":{"line":126,"column":8},"end":{"line":126,"column":31}},"89":{"start":{"line":127,"column":8},"end":{"line":127,"column":34}},"90":{"start":{"line":128,"column":8},"end":{"line":128,"column":29}},"91":{"start":{"line":130,"column":9},"end":{"line":135,"column":5}},"92":{"start":{"line":131,"column":8},"end":{"line":131,"column":36}},"93":{"start":{"line":134,"column":8},"end":{"line":134,"column":52}},"94":{"start":{"line":138,"column":0},"end":{"line":140,"column":2}},"95":{"start":{"line":139,"column":4},"end":{"line":139,"column":50}},"96":{"start":{"line":142,"column":0},"end":{"line":148,"column":2}},"97":{"start":{"line":143,"column":4},"end":{"line":146,"column":5}},"98":{"start":{"line":144,"column":8},"end":{"line":144,"column":38}},"99":{"start":{"line":145,"column":8},"end":{"line":145,"column":54}},"100":{"start":{"line":145,"column":43},"end":{"line":145,"column":54}},"101":{"start":{"line":147,"column":4},"end":{"line":147,"column":75}},"102":{"start":{"line":147,"column":24},"end":{"line":147,"column":74}},"103":{"start":{"line":150,"column":0},"end":{"line":171,"column":2}},"104":{"start":{"line":151,"column":4},"end":{"line":151,"column":20}},"105":{"start":{"line":152,"column":4},"end":{"line":152,"column":30}},"106":{"start":{"line":153,"column":4},"end":{"line":156,"column":6}},"107":{"start":{"line":153,"column":14},"end":{"line":156,"column":6}},"108":{"start":{"line":157,"column":4},"end":{"line":157,"column":21}},"109":{"start":{"line":158,"column":4},"end":{"line":160,"column":6}},"110":{"start":{"line":158,"column":19},"end":{"line":160,"column":6}},"111":{"start":{"line":161,"column":4},"end":{"line":164,"column":6}},"112":{"start":{"line":161,"column":40},"end":{"line":164,"column":6}},"113":{"start":{"line":166,"column":4},"end":{"line":169,"column":7}},"114":{"start":{"line":167,"column":8},"end":{"line":168,"column":31}},"115":{"start":{"line":167,"column":16},"end":{"line":167,"column":34}},"116":{"start":{"line":168,"column":13},"end":{"line":168,"column":31}},"117":{"start":{"line":170,"column":4},"end":{"line":170,"column":25}},"118":{"start":{"line":170,"column":11},"end":{"line":170,"column":25}},"119":{"start":{"line":173,"column":0},"end":{"line":190,"column":2}},"120":{"start":{"line":174,"column":4},"end":{"line":174,"column":20}},"121":{"start":{"line":175,"column":4},"end":{"line":175,"column":30}},"122":{"start":{"line":176,"column":4},"end":{"line":179,"column":6}},"123":{"start":{"line":176,"column":14},"end":{"line":179,"column":6}},"124":{"start":{"line":180,"column":4},"end":{"line":180,"column":21}},"125":{"start":{"line":181,"column":4},"end":{"line":183,"column":6}},"126":{"start":{"line":181,"column":16},"end":{"line":183,"column":6}},"127":{"start":{"line":184,"column":4},"end":{"line":187,"column":6}},"128":{"start":{"line":184,"column":37},"end":{"line":187,"column":6}},"129":{"start":{"line":188,"column":4},"end":{"line":188,"column":24}},"130":{"start":{"line":189,"column":4},"end":{"line":189,"column":25}},"131":{"start":{"line":189,"column":11},"end":{"line":189,"column":25}},"132":{"start":{"line":192,"column":0},"end":{"line":220,"column":2}},"133":{"start":{"line":193,"column":4},"end":{"line":193,"column":48}},"134":{"start":{"line":194,"column":4},"end":{"line":194,"column":48}},"135":{"start":{"line":194,"column":16},"end":{"line":194,"column":48}},"136":{"start":{"line":195,"column":4},"end":{"line":195,"column":27}},"137":{"start":{"line":197,"column":4},"end":{"line":213,"column":5}},"138":{"start":{"line":198,"column":8},"end":{"line":198,"column":27}},"139":{"start":{"line":199,"column":8},"end":{"line":199,"column":22}},"140":{"start":{"line":202,"column":8},"end":{"line":205,"column":10}},"141":{"start":{"line":206,"column":8},"end":{"line":210,"column":10}},"142":{"start":{"line":211,"column":8},"end":{"line":211,"column":65}},"143":{"start":{"line":212,"column":8},"end":{"line":212,"column":46}},"144":{"start":{"line":214,"column":4},"end":{"line":214,"column":43}},"145":{"start":{"line":214,"column":20},"end":{"line":214,"column":43}},"146":{"start":{"line":216,"column":4},"end":{"line":216,"column":28}},"147":{"start":{"line":217,"column":4},"end":{"line":219,"column":5}},"148":{"start":{"line":218,"column":8},"end":{"line":218,"column":30}},"149":{"start":{"line":222,"column":0},"end":{"line":241,"column":2}},"150":{"start":{"line":223,"column":4},"end":{"line":239,"column":5}},"151":{"start":{"line":224,"column":8},"end":{"line":224,"column":27}},"152":{"start":{"line":225,"column":8},"end":{"line":225,"column":22}},"153":{"start":{"line":228,"column":8},"end":{"line":231,"column":10}},"154":{"start":{"line":232,"column":8},"end":{"line":236,"column":10}},"155":{"start":{"line":237,"column":8},"end":{"line":237,"column":65}},"156":{"start":{"line":238,"column":8},"end":{"line":238,"column":46}},"157":{"start":{"line":240,"column":4},"end":{"line":240,"column":28}},"158":{"start":{"line":243,"column":0},"end":{"line":261,"column":2}},"159":{"start":{"line":244,"column":4},"end":{"line":244,"column":30}},"160":{"start":{"line":245,"column":4},"end":{"line":245,"column":30}},"161":{"start":{"line":246,"column":4},"end":{"line":246,"column":25}},"162":{"start":{"line":248,"column":4},"end":{"line":248,"column":21}},"163":{"start":{"line":249,"column":4},"end":{"line":259,"column":5}},"164":{"start":{"line":250,"column":8},"end":{"line":258,"column":9}},"165":{"start":{"line":260,"column":4},"end":{"line":260,"column":41}},"166":{"start":{"line":260,"column":19},"end":{"line":260,"column":41}},"167":{"start":{"line":263,"column":0},"end":{"line":285,"column":2}},"168":{"start":{"line":264,"column":4},"end":{"line":264,"column":20}},"169":{"start":{"line":265,"column":4},"end":{"line":265,"column":25}},"170":{"start":{"line":265,"column":15},"end":{"line":265,"column":25}},"171":{"start":{"line":267,"column":4},"end":{"line":275,"column":7}},"172":{"start":{"line":273,"column":51},"end":{"line":273,"column":65}},"173":{"start":{"line":276,"column":4},"end":{"line":279,"column":7}},"174":{"start":{"line":277,"column":8},"end":{"line":277,"column":22}},"175":{"start":{"line":278,"column":8},"end":{"line":278,"column":26}},"176":{"start":{"line":280,"column":4},"end":{"line":283,"column":7}},"177":{"start":{"line":281,"column":8},"end":{"line":281,"column":21}},"178":{"start":{"line":282,"column":8},"end":{"line":282,"column":22}},"179":{"start":{"line":284,"column":4},"end":{"line":284,"column":16}},"180":{"start":{"line":287,"column":0},"end":{"line":289,"column":2}},"181":{"start":{"line":288,"column":4},"end":{"line":288,"column":67}},"182":{"start":{"line":291,"column":0},"end":{"line":294,"column":2}},"183":{"start":{"line":292,"column":4},"end":{"line":292,"column":35}},"184":{"start":{"line":293,"column":4},"end":{"line":293,"column":20}},"185":{"start":{"line":296,"column":0},"end":{"line":317,"column":1}},"186":{"start":{"line":297,"column":4},"end":{"line":297,"column":20}},"187":{"start":{"line":298,"column":4},"end":{"line":304,"column":33}},"188":{"start":{"line":299,"column":8},"end":{"line":299,"column":66}},"189":{"start":{"line":301,"column":9},"end":{"line":304,"column":33}},"190":{"start":{"line":302,"column":8},"end":{"line":302,"column":24}},"191":{"start":{"line":304,"column":9},"end":{"line":304,"column":33}},"192":{"start":{"line":306,"column":4},"end":{"line":309,"column":5}},"193":{"start":{"line":307,"column":8},"end":{"line":307,"column":39}},"194":{"start":{"line":308,"column":8},"end":{"line":308,"column":15}},"195":{"start":{"line":310,"column":4},"end":{"line":316,"column":5}},"196":{"start":{"line":311,"column":8},"end":{"line":311,"column":49}},"197":{"start":{"line":311,"column":35},"end":{"line":311,"column":49}},"198":{"start":{"line":312,"column":8},"end":{"line":315,"column":9}},"199":{"start":{"line":319,"column":0},"end":{"line":321,"column":1}},"200":{"start":{"line":320,"column":4},"end":{"line":320,"column":56}}},"branchMap":{"1":{"line":18,"type":"if","locations":[{"start":{"line":18,"column":4},"end":{"line":18,"column":4}},{"start":{"line":18,"column":4},"end":{"line":18,"column":4}}]},"2":{"line":19,"type":"if","locations":[{"start":{"line":19,"column":4},"end":{"line":19,"column":4}},{"start":{"line":19,"column":4},"end":{"line":19,"column":4}}]},"3":{"line":20,"type":"if","locations":[{"start":{"line":20,"column":4},"end":{"line":20,"column":4}},{"start":{"line":20,"column":4},"end":{"line":20,"column":4}}]},"4":{"line":25,"type":"if","locations":[{"start":{"line":25,"column":4},"end":{"line":25,"column":4}},{"start":{"line":25,"column":4},"end":{"line":25,"column":4}}]},"5":{"line":29,"type":"binary-expr","locations":[{"start":{"line":29,"column":19},"end":{"line":29,"column":31}},{"start":{"line":29,"column":35},"end":{"line":29,"column":56}}]},"6":{"line":31,"type":"binary-expr","locations":[{"start":{"line":31,"column":19},"end":{"line":31,"column":31}},{"start":{"line":31,"column":35},"end":{"line":34,"column":5}}]},"7":{"line":32,"type":"binary-expr","locations":[{"start":{"line":32,"column":8},"end":{"line":32,"column":24}},{"start":{"line":32,"column":28},"end":{"line":32,"column":51}}]},"8":{"line":52,"type":"binary-expr","locations":[{"start":{"line":52,"column":18},"end":{"line":52,"column":29}},{"start":{"line":52,"column":33},"end":{"line":52,"column":35}}]},"9":{"line":63,"type":"if","locations":[{"start":{"line":63,"column":4},"end":{"line":63,"column":4}},{"start":{"line":63,"column":4},"end":{"line":63,"column":4}}]},"10":{"line":64,"type":"if","locations":[{"start":{"line":64,"column":4},"end":{"line":64,"column":4}},{"start":{"line":64,"column":4},"end":{"line":64,"column":4}}]},"11":{"line":65,"type":"if","locations":[{"start":{"line":65,"column":4},"end":{"line":65,"column":4}},{"start":{"line":65,"column":4},"end":{"line":65,"column":4}}]},"12":{"line":75,"type":"if","locations":[{"start":{"line":75,"column":4},"end":{"line":75,"column":4}},{"start":{"line":75,"column":4},"end":{"line":75,"column":4}}]},"13":{"line":78,"type":"if","locations":[{"start":{"line":78,"column":9},"end":{"line":78,"column":9}},{"start":{"line":78,"column":9},"end":{"line":78,"column":9}}]},"14":{"line":81,"type":"if","locations":[{"start":{"line":81,"column":9},"end":{"line":81,"column":9}},{"start":{"line":81,"column":9},"end":{"line":81,"column":9}}]},"15":{"line":81,"type":"binary-expr","locations":[{"start":{"line":81,"column":13},"end":{"line":81,"column":27}},{"start":{"line":81,"column":31},"end":{"line":81,"column":40}}]},"16":{"line":84,"type":"if","locations":[{"start":{"line":84,"column":9},"end":{"line":84,"column":9}},{"start":{"line":84,"column":9},"end":{"line":84,"column":9}}]},"17":{"line":87,"type":"if","locations":[{"start":{"line":87,"column":9},"end":{"line":87,"column":9}},{"start":{"line":87,"column":9},"end":{"line":87,"column":9}}]},"18":{"line":93,"type":"if","locations":[{"start":{"line":93,"column":9},"end":{"line":93,"column":9}},{"start":{"line":93,"column":9},"end":{"line":93,"column":9}}]},"19":{"line":96,"type":"if","locations":[{"start":{"line":96,"column":9},"end":{"line":96,"column":9}},{"start":{"line":96,"column":9},"end":{"line":96,"column":9}}]},"20":{"line":99,"type":"if","locations":[{"start":{"line":99,"column":9},"end":{"line":99,"column":9}},{"start":{"line":99,"column":9},"end":{"line":99,"column":9}}]},"21":{"line":102,"type":"if","locations":[{"start":{"line":102,"column":9},"end":{"line":102,"column":9}},{"start":{"line":102,"column":9},"end":{"line":102,"column":9}}]},"22":{"line":102,"type":"binary-expr","locations":[{"start":{"line":102,"column":13},"end":{"line":102,"column":27}},{"start":{"line":102,"column":31},"end":{"line":102,"column":45}}]},"23":{"line":107,"type":"if","locations":[{"start":{"line":107,"column":8},"end":{"line":107,"column":8}},{"start":{"line":107,"column":8},"end":{"line":107,"column":8}}]},"24":{"line":108,"type":"if","locations":[{"start":{"line":108,"column":13},"end":{"line":108,"column":13}},{"start":{"line":108,"column":13},"end":{"line":108,"column":13}}]},"25":{"line":109,"type":"if","locations":[{"start":{"line":109,"column":8},"end":{"line":109,"column":8}},{"start":{"line":109,"column":8},"end":{"line":109,"column":8}}]},"26":{"line":111,"type":"if","locations":[{"start":{"line":111,"column":9},"end":{"line":111,"column":9}},{"start":{"line":111,"column":9},"end":{"line":111,"column":9}}]},"27":{"line":113,"type":"if","locations":[{"start":{"line":113,"column":8},"end":{"line":113,"column":8}},{"start":{"line":113,"column":8},"end":{"line":113,"column":8}}]},"28":{"line":121,"type":"if","locations":[{"start":{"line":121,"column":8},"end":{"line":121,"column":8}},{"start":{"line":121,"column":8},"end":{"line":121,"column":8}}]},"29":{"line":124,"type":"if","locations":[{"start":{"line":124,"column":9},"end":{"line":124,"column":9}},{"start":{"line":124,"column":9},"end":{"line":124,"column":9}}]},"30":{"line":130,"type":"if","locations":[{"start":{"line":130,"column":9},"end":{"line":130,"column":9}},{"start":{"line":130,"column":9},"end":{"line":130,"column":9}}]},"31":{"line":130,"type":"binary-expr","locations":[{"start":{"line":130,"column":13},"end":{"line":130,"column":17}},{"start":{"line":130,"column":21},"end":{"line":130,"column":35}}]},"32":{"line":145,"type":"if","locations":[{"start":{"line":145,"column":8},"end":{"line":145,"column":8}},{"start":{"line":145,"column":8},"end":{"line":145,"column":8}}]},"33":{"line":153,"type":"if","locations":[{"start":{"line":153,"column":4},"end":{"line":153,"column":4}},{"start":{"line":153,"column":4},"end":{"line":153,"column":4}}]},"34":{"line":158,"type":"if","locations":[{"start":{"line":158,"column":4},"end":{"line":158,"column":4}},{"start":{"line":158,"column":4},"end":{"line":158,"column":4}}]},"35":{"line":161,"type":"if","locations":[{"start":{"line":161,"column":4},"end":{"line":161,"column":4}},{"start":{"line":161,"column":4},"end":{"line":161,"column":4}}]},"36":{"line":167,"type":"if","locations":[{"start":{"line":167,"column":8},"end":{"line":167,"column":8}},{"start":{"line":167,"column":8},"end":{"line":167,"column":8}}]},"37":{"line":170,"type":"if","locations":[{"start":{"line":170,"column":4},"end":{"line":170,"column":4}},{"start":{"line":170,"column":4},"end":{"line":170,"column":4}}]},"38":{"line":176,"type":"if","locations":[{"start":{"line":176,"column":4},"end":{"line":176,"column":4}},{"start":{"line":176,"column":4},"end":{"line":176,"column":4}}]},"39":{"line":181,"type":"if","locations":[{"start":{"line":181,"column":4},"end":{"line":181,"column":4}},{"start":{"line":181,"column":4},"end":{"line":181,"column":4}}]},"40":{"line":184,"type":"if","locations":[{"start":{"line":184,"column":4},"end":{"line":184,"column":4}},{"start":{"line":184,"column":4},"end":{"line":184,"column":4}}]},"41":{"line":189,"type":"if","locations":[{"start":{"line":189,"column":4},"end":{"line":189,"column":4}},{"start":{"line":189,"column":4},"end":{"line":189,"column":4}}]},"42":{"line":194,"type":"if","locations":[{"start":{"line":194,"column":4},"end":{"line":194,"column":4}},{"start":{"line":194,"column":4},"end":{"line":194,"column":4}}]},"43":{"line":197,"type":"if","locations":[{"start":{"line":197,"column":4},"end":{"line":197,"column":4}},{"start":{"line":197,"column":4},"end":{"line":197,"column":4}}]},"44":{"line":214,"type":"if","locations":[{"start":{"line":214,"column":4},"end":{"line":214,"column":4}},{"start":{"line":214,"column":4},"end":{"line":214,"column":4}}]},"45":{"line":217,"type":"if","locations":[{"start":{"line":217,"column":4},"end":{"line":217,"column":4}},{"start":{"line":217,"column":4},"end":{"line":217,"column":4}}]},"46":{"line":223,"type":"if","locations":[{"start":{"line":223,"column":4},"end":{"line":223,"column":4}},{"start":{"line":223,"column":4},"end":{"line":223,"column":4}}]},"47":{"line":249,"type":"if","locations":[{"start":{"line":249,"column":4},"end":{"line":249,"column":4}},{"start":{"line":249,"column":4},"end":{"line":249,"column":4}}]},"48":{"line":260,"type":"if","locations":[{"start":{"line":260,"column":4},"end":{"line":260,"column":4}},{"start":{"line":260,"column":4},"end":{"line":260,"column":4}}]},"49":{"line":265,"type":"if","locations":[{"start":{"line":265,"column":4},"end":{"line":265,"column":4}},{"start":{"line":265,"column":4},"end":{"line":265,"column":4}}]},"50":{"line":270,"type":"cond-expr","locations":[{"start":{"line":270,"column":57},"end":{"line":270,"column":71}},{"start":{"line":270,"column":74},"end":{"line":270,"column":78}}]},"51":{"line":272,"type":"binary-expr","locations":[{"start":{"line":272,"column":15},"end":{"line":272,"column":25}},{"start":{"line":272,"column":29},"end":{"line":272,"column":52}}]},"52":{"line":298,"type":"if","locations":[{"start":{"line":298,"column":4},"end":{"line":298,"column":4}},{"start":{"line":298,"column":4},"end":{"line":298,"column":4}}]},"53":{"line":298,"type":"binary-expr","locations":[{"start":{"line":298,"column":8},"end":{"line":298,"column":29}},{"start":{"line":298,"column":33},"end":{"line":298,"column":39}}]},"54":{"line":301,"type":"if","locations":[{"start":{"line":301,"column":9},"end":{"line":301,"column":9}},{"start":{"line":301,"column":9},"end":{"line":301,"column":9}}]},"55":{"line":311,"type":"if","locations":[{"start":{"line":311,"column":8},"end":{"line":311,"column":8}},{"start":{"line":311,"column":8},"end":{"line":311,"column":8}}]}},"code":["var inherits = require('inherits');","var EventEmitter = require('events').EventEmitter;","var mkdirp = require('mkdirp');","var fs = require('fs');","var path = require('path');","var x256 = require('x256');","var through = require('through2');","var split = require('split');","var minimist = require('minimist');","","var showMenu = require('./lib/menu.js');","var showHelp = require('./lib/help.js');","","module.exports = Shop;","inherits(Shop, EventEmitter);","","function Shop (opts) {","    if (!(this instanceof Shop)) return new Shop(opts);","    if (!opts) opts = {};","    if (typeof opts === 'string') opts = { name: opts };","    ","    this.name = opts.name;","    this.options = opts;","    ","    if (!this.name) return this._error(","        'Your adventure must have a name! '","        + 'Supply an `opts.name` to adventure().'","    );","    this.command = opts.command || commandify(this.name);","    ","    this.datadir = opts.datadir || path.resolve(","        process.env.HOME || process.env.USERPROFILE,","        '.config/' + this.name","    );","    mkdirp.sync(this.datadir);","    ","    this.files = {","        completed: path.join(this.datadir, 'completed.json'),","        current: path.join(this.datadir, 'current.json')","    };","    this.state = { ","        completed: [],","        current: null","    };","    ","    try { this.state.completed = require(this.files.completed) }","    catch (err) {}","    ","    try { this.state.current = require(this.files.current) }","    catch (err) {}","    ","    this.colors = opts.colors || {};","    var c = {","        pass: [0,255,0],","        fail: [255,0,0],","        info: [0,255,255]","    };","    var colors = Object.keys(c).reduce(function (acc, key) {","        acc[key] = '\\x1b[38;5;' + x256(c[key]) + 'm';","        return acc;","    }, {});","    ","    if (!this.colors.pass) this.colors.pass = colors.pass;","    if (!this.colors.fail) this.colors.fail = colors.fail;","    if (!this.colors.info) this.colors.info = colors.info;","    this.colors.reset = '\\x1b[00m';","    ","    this._adventures = [];","}","","Shop.prototype.execute = function (args) {","    var cmd = args[0];","    var argv = minimist(args, { alias: { h: 'help' } });","    ","    if (cmd === 'verify') {","        this.verify(args.slice(1), this.state.current);","    }","    else if (cmd === 'run') {","        this.run(args.slice(1), this.state.current);","    }","    else if (cmd === 'help' || argv.help) {","        showHelp({ command: this.command });","    }","    else if (cmd === 'selected') {","        console.log(this.state.current);","    }","    else if (cmd === 'list') {","        console.log(this._adventures","            .map(function (adv) { return adv.name })","            .join('\\n')","        );","    }","    else if (cmd === 'completed') {","        console.log(this.state.completed.join('\\n'));","    }","    else if (cmd === 'select') {","        this.select(args[1]);","    }","    else if (cmd === 'print') {","        this.select(this.state.current);","    }","    else if (cmd === 'next' || cmd === 'prev') {","        var names = this._adventures","            .map(function (adv) { return adv.name })","        ;","        var ix = names.indexOf(this.state.current);","        if (cmd === 'next') ix ++","        else if (cmd === 'prev') ix --","        if (names[ix]) this.select(names[ix])","    }","    else if (cmd === 'solution') {","        var adv = this.find(this.state.current);","        if (!adv) {","            return console.log(","                'No adventure is currently selected. '","                + 'Select an adventure from the menu.'","            );","            process.exit(1);","        }","        var p = adv.fn();","        if (p.solution) this._show(p.solution);","        else console.log('No reference solution available for this adventure.')","    }","    else if (cmd === 'reset') {","        this.state.completed = [];","        this.save('completed');","        this.state.current = null;","        this.save('current');","    }","    else if (!cmd || cmd === 'menu') {","        this.showMenu(this.options);","    }","    else {","        console.log('unrecognized command: ' + cmd);","    }","};","","Shop.prototype.add = function (name, fn) {","    this._adventures.push({ name: name, fn: fn });","};","","Shop.prototype.find = function (name) {","    for (var i = 0; i < this._adventures.length; i++) {","        var adv = this._adventures[i];","        if (norm(adv.name) === norm(name)) return adv;","    }","    function norm (s) { return String(s).replace(/\\W/g, '').toLowerCase() }","};","","Shop.prototype.verify = function (args, name) {","    var self = this;","    var adv = this.find(name);","    if (!adv) return this._error(","        'No adventure is currently selected. '","        + 'Select an adventure from the menu.'","    );","    var p = adv.fn();","    if (!p.verify) return this._error(","        \"This problem doesn't have a .verify function yet!\"","    );","    if (typeof p.verify !== 'function') return this._error(","        'This p.verify is a ' + typeof p.verify","        + '. It should be a function instead.'","    );","    ","    var s = p.verify(args, function (ok) {","        if (ok) self.pass(name, p)","        else self.fail(name, p)","    });","    if (s) this._show(s);","};","","Shop.prototype.run = function (args, name) {","    var self = this;","    var adv = this.find(name);","    if (!adv) return this._error(","        'No adventure is currently selected. '","        + 'Select an adventure from the menu.'","    );","    var p = adv.fn();","    if (!p.run) return this._error(","        \"This problem doesn't have a .run function.\"","    );","    if (typeof p.run !== 'function') return this._error(","        'This p.run is a ' + typeof p.run","        + '. It should be a function instead.'","    );","    var s = p.run(args);","    if (s) this._show(s);","};","","Shop.prototype.pass = function (name, p) {","    var ix = this.state.completed.indexOf(name);","    if (ix < 0) this.state.completed.push(name);","    this.save('completed');","    ","    if (p.pass) {","        this._show(p.pass);","        console.log();","    }","    else {","        console.log(","            '\\n' + this.colors.pass","            + '@@@@@@@@@@@@@@@@@@@@@@@@@@@@@@@@@@@@@@@@@'","        );","        console.log(","            '@@@' + this.colors.reset","            + '     YOUR SOLUTION IS CORRECT'","            + this.colors.pass + '!     @@@'","        );","        console.log('@@@@@@@@@@@@@@@@@@@@@@@@@@@@@@@@@@@@@@@@@');","        console.log(this.colors.reset + '\\n');","    }","    if (p.solution) this._show(p.solution);","    ","    this.emit('pass', name);","    if (this.state.completed.length === this._adventures.length) {","        this.emit('finished');","    }","};","","Shop.prototype.fail = function (name, p) {","    if (p.fail) {","        this._show(p.fail);","        console.log();","    }","    else {","        console.log(","            this.colors.fail","            + '#########################################'","        );","        console.log(","            '###' + this.colors.reset","            + '   YOUR SOLUTION IS NOT CORRECT!'","            + this.colors.fail + '   ###'","        );","        console.log('#########################################');","        console.log(this.colors.reset + '\\n');","    }","    this.emit('fail', name);","};","","Shop.prototype.select = function (name) {","    var adv = this.find(name);","    this.state.current = name;","    this.save('current');","    ","    var p = adv.fn();","    if (!p.problem) {","        p.problem = this.colors.info + Array(67).join('!') + '\\n'","            + '!!!' + this.colors.reset","            + ' This adventure does not have a .problem description yet! '","            + this.colors.info + ' !!!\\n!!!' + this.colors.reset","            + ' Set .problem to a string, buffer, stream or function that'","            + this.colors.info + ' !!!\\n!!!' + this.colors.reset","            + ' returns a string, buffer, or stream.                     '","            + this.colors.info + ' !!!\\n' + Array(67).join('!') + '\\n'","        ;","    }","    if (p.problem) this._show(p.problem);","};","","Shop.prototype.showMenu = function (opts) {","    var self = this;","    if (!opts) opts = {};","    ","    var menu = showMenu({","        fg: opts.fg,","        bg: opts.bg,","        autoclose: typeof opts.autoclose === 'boolean' ? opts.autoclose : true,","        command: this.command,","        title: opts.title || this.name.toUpperCase(),","        names: this._adventures.map(function (x) { return x.name }),","        completed: this.state.completed","    });","    menu.on('select', function (name) {","        console.log();","        self.select(name);","    });","    menu.on('exit', function () {","        menu.close();","        console.log();","    });","    return menu;","};","","Shop.prototype.save = function (key) {","    fs.writeFile(this.files[key], JSON.stringify(this.state[key]));","};","","Shop.prototype._error = function (msg) {","    console.error('ERROR: ' + msg);","    process.exit(1);","};","","Shop.prototype._show = function (m) {","    var self = this;","    if (typeof m === 'object' && m.pipe) {","        m.pipe(split()).pipe(through(write)).pipe(process.stdout);","    }","    else if (typeof m === 'function') {","        this._show(m());","    }","    else console.log(replace(m));","    ","    function write (buf, enc, next) {","        this.push(replace(buf) + '\\n');","        next();","    }","    function replace (s) {","        if (typeof s !== 'string') s = String(s);","        return s","            .replace(/\\$ADVENTURE_COMMAND/g, self.command)","            .replace(/\\$ADVENTURE_NAME/g, self.name)","        ;","    }","}","","function commandify (s) {","    return String(s).toLowerCase().replace(/\\s+/g, '-');","}",""],"l":{"1":1,"2":1,"3":1,"4":1,"5":1,"6":1,"7":1,"8":1,"9":1,"11":1,"12":1,"14":1,"15":1,"17":1,"18":0,"19":0,"20":0,"22":0,"23":0,"25":0,"29":0,"31":0,"35":0,"37":0,"41":0,"46":0,"49":0,"52":0,"53":0,"58":0,"59":0,"60":0,"63":0,"64":0,"65":0,"66":0,"68":0,"71":1,"72":0,"73":0,"75":0,"76":0,"78":0,"79":0,"81":0,"82":0,"84":0,"85":0,"87":0,"88":0,"89":0,"93":0,"94":0,"96":0,"97":0,"99":0,"100":0,"102":0,"103":0,"104":0,"106":0,"107":0,"108":0,"109":0,"111":0,"112":0,"113":0,"114":0,"118":0,"120":0,"121":0,"122":0,"124":0,"125":0,"126":0,"127":0,"128":0,"130":0,"131":0,"134":0,"138":1,"139":0,"142":1,"143":0,"144":0,"145":0,"147":1,"150":1,"151":0,"152":0,"153":0,"157":0,"158":0,"161":0,"166":0,"167":0,"168":0,"170":0,"173":1,"174":0,"175":0,"176":0,"180":0,"181":0,"184":0,"188":0,"189":0,"192":1,"193":0,"194":0,"195":0,"197":0,"198":0,"199":0,"202":0,"206":0,"211":0,"212":0,"214":0,"216":0,"217":0,"218":0,"222":1,"223":0,"224":0,"225":0,"228":0,"232":0,"237":0,"238":0,"240":0,"243":1,"244":0,"245":0,"246":0,"248":0,"249":0,"250":0,"260":0,"263":1,"264":0,"265":0,"267":0,"273":0,"276":0,"277":0,"278":0,"280":0,"281":0,"282":0,"284":0,"287":1,"288":0,"291":1,"292":0,"293":0,"296":1,"297":0,"298":0,"299":0,"301":0,"302":0,"304":0,"306":1,"307":0,"308":0,"310":1,"311":0,"312":0,"319":1,"320":0}},"/home/travis/build/npmtest/node-npmtest-adventure/node_modules/adventure/lib/menu.js":{"path":"/home/travis/build/npmtest/node-npmtest-adventure/node_modules/adventure/lib/menu.js","s":{"1":1,"2":1,"3":1,"4":1,"5":1,"6":0,"7":0,"8":0,"9":0,"10":0,"11":0,"12":0,"13":0,"14":0,"15":0,"16":0,"17":0,"18":0,"19":0,"20":0,"21":0,"22":0,"23":0,"24":0,"25":0,"26":0,"27":0,"28":0,"29":0,"30":0,"31":0,"32":0,"33":0,"34":0,"35":0,"36":0,"37":0,"38":0},"b":{"1":[0,0],"2":[0,0],"3":[0,0],"4":[0,0],"5":[0,0],"6":[0,0],"7":[0,0],"8":[0,0],"9":[0,0]},"f":{"1":0,"2":0,"3":0,"4":0,"5":0},"fnMap":{"1":{"name":"(anonymous_1)","line":6,"loc":{"start":{"line":6,"column":17},"end":{"line":6,"column":33}}},"2":{"name":"(anonymous_2)","line":22,"loc":{"start":{"line":22,"column":31},"end":{"line":22,"column":47}}},"3":{"name":"(anonymous_3)","line":38,"loc":{"start":{"line":38,"column":22},"end":{"line":38,"column":39}}},"4":{"name":"(anonymous_4)","line":53,"loc":{"start":{"line":53,"column":23},"end":{"line":53,"column":35}}},"5":{"name":"(anonymous_5)","line":59,"loc":{"start":{"line":59,"column":20},"end":{"line":59,"column":32}}}},"statementMap":{"1":{"start":{"line":1,"column":0},"end":{"line":1,"column":37}},"2":{"start":{"line":2,"column":0},"end":{"line":2,"column":27}},"3":{"start":{"line":3,"column":0},"end":{"line":3,"column":50}},"4":{"start":{"line":4,"column":0},"end":{"line":4,"column":36}},"5":{"start":{"line":6,"column":0},"end":{"line":62,"column":2}},"6":{"start":{"line":7,"column":4},"end":{"line":7,"column":35}},"7":{"start":{"line":9,"column":4},"end":{"line":14,"column":7}},"8":{"start":{"line":16,"column":4},"end":{"line":16,"column":17}},"9":{"start":{"line":18,"column":4},"end":{"line":18,"column":43}},"10":{"start":{"line":19,"column":4},"end":{"line":19,"column":29}},"11":{"start":{"line":20,"column":4},"end":{"line":20,"column":55}},"12":{"start":{"line":22,"column":4},"end":{"line":33,"column":7}},"13":{"start":{"line":23,"column":8},"end":{"line":23,"column":63}},"14":{"start":{"line":24,"column":8},"end":{"line":32,"column":28}},"15":{"start":{"line":25,"column":12},"end":{"line":25,"column":34}},"16":{"start":{"line":26,"column":12},"end":{"line":30,"column":14}},"17":{"start":{"line":32,"column":13},"end":{"line":32,"column":28}},"18":{"start":{"line":34,"column":4},"end":{"line":34,"column":38}},"19":{"start":{"line":35,"column":4},"end":{"line":35,"column":21}},"20":{"start":{"line":36,"column":4},"end":{"line":36,"column":21}},"21":{"start":{"line":38,"column":4},"end":{"line":50,"column":7}},"22":{"start":{"line":39,"column":8},"end":{"line":39,"column":48}},"23":{"start":{"line":41,"column":8},"end":{"line":41,"column":21}},"24":{"start":{"line":42,"column":8},"end":{"line":49,"column":42}},"25":{"start":{"line":43,"column":12},"end":{"line":43,"column":40}},"26":{"start":{"line":45,"column":13},"end":{"line":49,"column":42}},"27":{"start":{"line":46,"column":12},"end":{"line":46,"column":26}},"28":{"start":{"line":47,"column":12},"end":{"line":47,"column":27}},"29":{"start":{"line":49,"column":13},"end":{"line":49,"column":42}},"30":{"start":{"line":51,"column":4},"end":{"line":51,"column":35}},"31":{"start":{"line":52,"column":4},"end":{"line":52,"column":65}},"32":{"start":{"line":53,"column":4},"end":{"line":58,"column":7}},"33":{"start":{"line":54,"column":8},"end":{"line":54,"column":40}},"34":{"start":{"line":55,"column":8},"end":{"line":57,"column":9}},"35":{"start":{"line":56,"column":12},"end":{"line":56,"column":32}},"36":{"start":{"line":59,"column":4},"end":{"line":59,"column":49}},"37":{"start":{"line":59,"column":34},"end":{"line":59,"column":47}},"38":{"start":{"line":61,"column":4},"end":{"line":61,"column":19}}},"branchMap":{"1":{"line":12,"type":"binary-expr","locations":[{"start":{"line":12,"column":10},"end":{"line":12,"column":17}},{"start":{"line":12,"column":21},"end":{"line":12,"column":27}}]},"2":{"line":13,"type":"binary-expr","locations":[{"start":{"line":13,"column":10},"end":{"line":13,"column":17}},{"start":{"line":13,"column":21},"end":{"line":13,"column":28}}]},"3":{"line":18,"type":"binary-expr","locations":[{"start":{"line":18,"column":16},"end":{"line":18,"column":26}},{"start":{"line":18,"column":30},"end":{"line":18,"column":42}}]},"4":{"line":22,"type":"binary-expr","locations":[{"start":{"line":22,"column":5},"end":{"line":22,"column":15}},{"start":{"line":22,"column":19},"end":{"line":22,"column":21}}]},"5":{"line":23,"type":"binary-expr","locations":[{"start":{"line":23,"column":22},"end":{"line":23,"column":36}},{"start":{"line":23,"column":40},"end":{"line":23,"column":42}}]},"6":{"line":24,"type":"if","locations":[{"start":{"line":24,"column":8},"end":{"line":24,"column":8}},{"start":{"line":24,"column":8},"end":{"line":24,"column":8}}]},"7":{"line":42,"type":"if","locations":[{"start":{"line":42,"column":8},"end":{"line":42,"column":8}},{"start":{"line":42,"column":8},"end":{"line":42,"column":8}}]},"8":{"line":45,"type":"if","locations":[{"start":{"line":45,"column":13},"end":{"line":45,"column":13}},{"start":{"line":45,"column":13},"end":{"line":45,"column":13}}]},"9":{"line":55,"type":"if","locations":[{"start":{"line":55,"column":8},"end":{"line":55,"column":8}},{"start":{"line":55,"column":8},"end":{"line":55,"column":8}}]}},"code":["var tmenu = require('terminal-menu');","var path = require('path');","var EventEmitter = require('events').EventEmitter;","var showHelp = require('./help.js');","","module.exports = function (opts) {","    var emitter = new EventEmitter;","    ","    var menu = tmenu({","      width: 65,","      x: 3, y: 2, ","      bg: opts.bg || 'blue',","      fg: opts.fg || 'white'","    });","    ","    menu.reset();","    ","    var title = opts.title || 'UNTITLED\\n';","    menu.write(title + '\\n');","    menu.write(Array(title.length+1).join('-') + '\\n');","    ","    (opts.names || []).forEach(function (name) {","        var isDone = (opts.completed || []).indexOf(name) >= 0;","        if (isDone) {","            var m = '[COMPLETED]';","            menu.add(","                name","                + Array(65 - m.length - name.length + 1).join(' ')","                + m","            );","        }","        else menu.add(name);","    });","    menu.write('-----------------\\n');","    menu.add('HELP');","    menu.add('EXIT');","    ","    menu.on('select', function (label) {","        var name = label.replace(/\\s{2}.*/, '');","        ","        menu.close();","        if (name === 'EXIT') {","            return emitter.emit('exit');","        }","        else if (name === 'HELP') {","            console.log();","            showHelp(opts);","        }","        else emitter.emit('select', name);","    });","    process.stdin.setRawMode(true);","    process.stdin.pipe(menu.createStream()).pipe(process.stdout);","    menu.once('close', function () {","        process.stdin.setRawMode(false);","        if (opts.autoclose) {","            process.stdin.end();","        }","    });","    emitter.close = function () { menu.close() };","    ","    return emitter;","};",""],"l":{"1":1,"2":1,"3":1,"4":1,"6":1,"7":0,"9":0,"16":0,"18":0,"19":0,"20":0,"22":0,"23":0,"24":0,"25":0,"26":0,"32":0,"34":0,"35":0,"36":0,"38":0,"39":0,"41":0,"42":0,"43":0,"45":0,"46":0,"47":0,"49":0,"51":0,"52":0,"53":0,"54":0,"55":0,"56":0,"59":0,"61":0}},"/home/travis/build/npmtest/node-npmtest-adventure/node_modules/adventure/lib/help.js":{"path":"/home/travis/build/npmtest/node-npmtest-adventure/node_modules/adventure/lib/help.js","s":{"1":1,"2":1,"3":1,"4":1,"5":0,"6":0,"7":0,"8":0},"b":{},"f":{"1":0,"2":0},"fnMap":{"1":{"name":"(anonymous_1)","line":5,"loc":{"start":{"line":5,"column":17},"end":{"line":5,"column":33}}},"2":{"name":"(anonymous_2)","line":7,"loc":{"start":{"line":7,"column":22},"end":{"line":7,"column":48}}}},"statementMap":{"1":{"start":{"line":1,"column":0},"end":{"line":1,"column":23}},"2":{"start":{"line":2,"column":0},"end":{"line":2,"column":29}},"3":{"start":{"line":3,"column":0},"end":{"line":3,"column":34}},"4":{"start":{"line":5,"column":0},"end":{"line":16,"column":2}},"5":{"start":{"line":6,"column":4},"end":{"line":15,"column":5}},"6":{"start":{"line":8,"column":12},"end":{"line":10,"column":13}},"7":{"start":{"line":11,"column":12},"end":{"line":11,"column":35}},"8":{"start":{"line":12,"column":12},"end":{"line":12,"column":19}}},"branchMap":{},"code":["var fs = require('fs');","var split = require('split');","var through = require('through2');","","module.exports = function (opts) { ","    fs.createReadStream(__dirname + '/usage.txt')","        .pipe(through(function (buf, enc, next) {","            var line = buf.toString('utf8')","                .replace(/\\$COMMAND/g, opts.command)","            ;","            this.push(line + '\\n');","            next();","        }))","        .pipe(process.stdout)","    ;","};",""],"l":{"1":1,"2":1,"3":1,"5":1,"6":0,"8":0,"11":0,"12":0}}}